[INFO] 2018-06-05 12:20:55 - Starting Application on DESKTOP-2OL0R8K with PID 2868 (E:\project\zxc\target\classes started by kadou in E:\project\zxc)  [main] [org.springframework.boot.StartupInfoLogger:48] 
[INFO] 2018-06-05 12:20:55 - No active profile set, falling back to default profiles: default  [main] [org.springframework.boot.SpringApplication:593] 
[INFO] 2018-06-05 12:20:55 - Refreshing org.springframework.boot.context.embedded.AnnotationConfigEmbeddedWebApplicationContext@69c60244: startup date [Tue Jun 05 12:20:55 CST 2018]; root of context hierarchy  [main] [org.springframework.context.support.AbstractApplicationContext:583] 
[INFO] 2018-06-05 12:20:56 - HV000001: Hibernate Validator 5.3.5.Final  [background-preinit] [org.hibernate.validator.internal.util.Version:30] 
[INFO] 2018-06-05 12:20:58 - Tomcat initialized with port(s): 8999 (http)  [main] [org.springframework.boot.context.embedded.tomcat.TomcatEmbeddedServletContainer:89] 
[INFO] 2018-06-05 12:20:58 - Starting service [Tomcat]  [main] [org.apache.juli.logging.DirectJDKLog:179] 
[INFO] 2018-06-05 12:20:58 - Starting Servlet Engine: Apache Tomcat/8.5.15  [main] [org.apache.juli.logging.DirectJDKLog:179] 
[INFO] 2018-06-05 12:20:58 - Initializing Spring embedded WebApplicationContext  [localhost-startStop-1] [org.apache.juli.logging.DirectJDKLog:179] 
[INFO] 2018-06-05 12:20:58 - Root WebApplicationContext: initialization completed in 2371 ms  [localhost-startStop-1] [org.springframework.boot.context.embedded.EmbeddedWebApplicationContext:276] 
[INFO] 2018-06-05 12:20:58 - Mapping servlet: 'dispatcherServlet' to [/]  [localhost-startStop-1] [org.springframework.boot.web.servlet.ServletRegistrationBean:190] 
[INFO] 2018-06-05 12:20:58 - Mapping servlet: 'statViewServlet' to [/druid/*]  [localhost-startStop-1] [org.springframework.boot.web.servlet.ServletRegistrationBean:190] 
[INFO] 2018-06-05 12:20:58 - Mapping filter: 'characterEncodingFilter' to: [/*]  [localhost-startStop-1] [org.springframework.boot.web.servlet.AbstractFilterRegistrationBean:258] 
[INFO] 2018-06-05 12:20:58 - Mapping filter: 'hiddenHttpMethodFilter' to: [/*]  [localhost-startStop-1] [org.springframework.boot.web.servlet.AbstractFilterRegistrationBean:258] 
[INFO] 2018-06-05 12:20:58 - Mapping filter: 'httpPutFormContentFilter' to: [/*]  [localhost-startStop-1] [org.springframework.boot.web.servlet.AbstractFilterRegistrationBean:258] 
[INFO] 2018-06-05 12:20:58 - Mapping filter: 'requestContextFilter' to: [/*]  [localhost-startStop-1] [org.springframework.boot.web.servlet.AbstractFilterRegistrationBean:258] 
[INFO] 2018-06-05 12:20:58 - Mapping filter: 'webStatFilter' to urls: [/*]  [localhost-startStop-1] [org.springframework.boot.web.servlet.AbstractFilterRegistrationBean:271] 
[INFO] 2018-06-05 12:21:00 - Looking for @ControllerAdvice: org.springframework.boot.context.embedded.AnnotationConfigEmbeddedWebApplicationContext@69c60244: startup date [Tue Jun 05 12:20:55 CST 2018]; root of context hierarchy  [main] [org.springframework.web.servlet.mvc.method.annotation.RequestMappingHandlerAdapter:534] 
[INFO] 2018-06-05 12:21:00 - Mapped "{[/cms/admin/article/add],methods=[POST]}" onto public java.lang.String zhibi.cms.controller.admin.CmsAdminArticleController.add(zhibi.cms.domain.Article,org.springframework.web.multipart.MultipartFile)  [main] [org.springframework.web.servlet.handler.AbstractHandlerMethodMapping$MappingRegistry:543] 
[INFO] 2018-06-05 12:21:00 - Mapped "{[/cms/admin/article/add],methods=[GET]}" onto public java.lang.String zhibi.cms.controller.admin.CmsAdminArticleController.add(org.springframework.ui.Model)  [main] [org.springframework.web.servlet.handler.AbstractHandlerMethodMapping$MappingRegistry:543] 
[INFO] 2018-06-05 12:21:00 - Mapped "{[/cms/admin/article/list]}" onto public java.lang.String zhibi.cms.controller.admin.CmsAdminArticleController.list(org.springframework.ui.Model,zhibi.frame.domain.Page,zhibi.cms.extra.pojo.ArticlePo)  [main] [org.springframework.web.servlet.handler.AbstractHandlerMethodMapping$MappingRegistry:543] 
[INFO] 2018-06-05 12:21:00 - Mapped "{[/cms/admin/article/update],methods=[POST]}" onto public java.lang.String zhibi.cms.controller.admin.CmsAdminArticleController.update(zhibi.cms.domain.Article,org.springframework.web.multipart.MultipartFile)  [main] [org.springframework.web.servlet.handler.AbstractHandlerMethodMapping$MappingRegistry:543] 
[INFO] 2018-06-05 12:21:00 - Mapped "{[/cms/admin/article/updateStatus/{id}]}" onto public java.lang.String zhibi.cms.controller.admin.CmsAdminArticleController.updateStatus(java.lang.String)  [main] [org.springframework.web.servlet.handler.AbstractHandlerMethodMapping$MappingRegistry:543] 
[INFO] 2018-06-05 12:21:00 - Mapped "{[/cms/admin/article/edit/{id}],methods=[GET]}" onto public java.lang.String zhibi.cms.controller.admin.CmsAdminArticleController.edit(org.springframework.ui.Model,java.lang.String)  [main] [org.springframework.web.servlet.handler.AbstractHandlerMethodMapping$MappingRegistry:543] 
[INFO] 2018-06-05 12:21:00 - Mapped "{[/cms/admin/article/del/{id}]}" onto public java.lang.String zhibi.cms.controller.admin.CmsAdminArticleController.del(java.lang.String)  [main] [org.springframework.web.servlet.handler.AbstractHandlerMethodMapping$MappingRegistry:543] 
[INFO] 2018-06-05 12:21:00 - Mapped "{[/cms/admin/index]}" onto public java.lang.String zhibi.cms.controller.admin.CmsAdminController.index()  [main] [org.springframework.web.servlet.handler.AbstractHandlerMethodMapping$MappingRegistry:543] 
[INFO] 2018-06-05 12:21:00 - Mapped "{[/cms/admin/welcome]}" onto public java.lang.String zhibi.cms.controller.admin.CmsAdminController.welcome()  [main] [org.springframework.web.servlet.handler.AbstractHandlerMethodMapping$MappingRegistry:543] 
[INFO] 2018-06-05 12:21:00 - Mapped "{[/cms/admin/login],methods=[POST]}" onto public java.lang.String zhibi.cms.controller.admin.CmsAdminController.login(java.lang.String,java.lang.String,org.springframework.ui.Model)  [main] [org.springframework.web.servlet.handler.AbstractHandlerMethodMapping$MappingRegistry:543] 
[INFO] 2018-06-05 12:21:00 - Mapped "{[/cms/admin/login],methods=[GET]}" onto public java.lang.String zhibi.cms.controller.admin.CmsAdminController.login()  [main] [org.springframework.web.servlet.handler.AbstractHandlerMethodMapping$MappingRegistry:543] 
[INFO] 2018-06-05 12:21:00 - Mapped "{[/cms/admin/logout]}" onto public java.lang.String zhibi.cms.controller.admin.CmsAdminController.logout()  [main] [org.springframework.web.servlet.handler.AbstractHandlerMethodMapping$MappingRegistry:543] 
[INFO] 2018-06-05 12:21:00 - Mapped "{[/cms/admin/menu/add],methods=[POST]}" onto public java.lang.String zhibi.cms.controller.admin.CmsAdminMenuController.add(zhibi.cms.domain.Menu,org.springframework.web.multipart.MultipartFile)  [main] [org.springframework.web.servlet.handler.AbstractHandlerMethodMapping$MappingRegistry:543] 
[INFO] 2018-06-05 12:21:00 - Mapped "{[/cms/admin/menu/add],methods=[GET]}" onto public java.lang.String zhibi.cms.controller.admin.CmsAdminMenuController.add(org.springframework.ui.Model)  [main] [org.springframework.web.servlet.handler.AbstractHandlerMethodMapping$MappingRegistry:543] 
[INFO] 2018-06-05 12:21:00 - Mapped "{[/cms/admin/menu/list]}" onto public java.lang.String zhibi.cms.controller.admin.CmsAdminMenuController.list(org.springframework.ui.Model,zhibi.frame.domain.Page,zhibi.cms.extra.pojo.MenuPo)  [main] [org.springframework.web.servlet.handler.AbstractHandlerMethodMapping$MappingRegistry:543] 
[INFO] 2018-06-05 12:21:00 - Mapped "{[/cms/admin/menu/update],methods=[POST]}" onto public java.lang.String zhibi.cms.controller.admin.CmsAdminMenuController.update(zhibi.cms.domain.Menu,org.springframework.web.multipart.MultipartFile)  [main] [org.springframework.web.servlet.handler.AbstractHandlerMethodMapping$MappingRegistry:543] 
[INFO] 2018-06-05 12:21:00 - Mapped "{[/cms/admin/menu/updateStatus/{id}]}" onto public java.lang.String zhibi.cms.controller.admin.CmsAdminMenuController.updateStatus(java.lang.String)  [main] [org.springframework.web.servlet.handler.AbstractHandlerMethodMapping$MappingRegistry:543] 
[INFO] 2018-06-05 12:21:00 - Mapped "{[/cms/admin/menu/edit/{id}],methods=[GET]}" onto public java.lang.String zhibi.cms.controller.admin.CmsAdminMenuController.edit(org.springframework.ui.Model,java.lang.String)  [main] [org.springframework.web.servlet.handler.AbstractHandlerMethodMapping$MappingRegistry:543] 
[INFO] 2018-06-05 12:21:00 - Mapped "{[/cms/admin/menu/del/{id}]}" onto public java.lang.String zhibi.cms.controller.admin.CmsAdminMenuController.del(java.lang.String)  [main] [org.springframework.web.servlet.handler.AbstractHandlerMethodMapping$MappingRegistry:543] 
[INFO] 2018-06-05 12:21:00 - Mapped "{[/cms/admin/pic/add],methods=[POST]}" onto public java.lang.String zhibi.cms.controller.admin.CmsAdminPicController.add(zhibi.cms.domain.Pic,org.springframework.web.multipart.MultipartFile)  [main] [org.springframework.web.servlet.handler.AbstractHandlerMethodMapping$MappingRegistry:543] 
[INFO] 2018-06-05 12:21:00 - Mapped "{[/cms/admin/pic/add],methods=[GET]}" onto public java.lang.String zhibi.cms.controller.admin.CmsAdminPicController.add(org.springframework.ui.Model)  [main] [org.springframework.web.servlet.handler.AbstractHandlerMethodMapping$MappingRegistry:543] 
[INFO] 2018-06-05 12:21:00 - Mapped "{[/cms/admin/pic/list]}" onto public java.lang.String zhibi.cms.controller.admin.CmsAdminPicController.list(org.springframework.ui.Model,zhibi.frame.domain.Page,zhibi.cms.extra.pojo.PicPo)  [main] [org.springframework.web.servlet.handler.AbstractHandlerMethodMapping$MappingRegistry:543] 
[INFO] 2018-06-05 12:21:00 - Mapped "{[/cms/admin/pic/update],methods=[POST]}" onto public java.lang.String zhibi.cms.controller.admin.CmsAdminPicController.update(zhibi.cms.domain.Pic,org.springframework.web.multipart.MultipartFile)  [main] [org.springframework.web.servlet.handler.AbstractHandlerMethodMapping$MappingRegistry:543] 
[INFO] 2018-06-05 12:21:00 - Mapped "{[/cms/admin/pic/updateStatus/{id}]}" onto public java.lang.String zhibi.cms.controller.admin.CmsAdminPicController.updateStatus(java.lang.String)  [main] [org.springframework.web.servlet.handler.AbstractHandlerMethodMapping$MappingRegistry:543] 
[INFO] 2018-06-05 12:21:00 - Mapped "{[/cms/admin/pic/edit/{id}],methods=[GET]}" onto public java.lang.String zhibi.cms.controller.admin.CmsAdminPicController.edit(org.springframework.ui.Model,java.lang.String)  [main] [org.springframework.web.servlet.handler.AbstractHandlerMethodMapping$MappingRegistry:543] 
[INFO] 2018-06-05 12:21:00 - Mapped "{[/cms/admin/pic/del/{id}]}" onto public java.lang.String zhibi.cms.controller.admin.CmsAdminPicController.del(java.lang.String)  [main] [org.springframework.web.servlet.handler.AbstractHandlerMethodMapping$MappingRegistry:543] 
[INFO] 2018-06-05 12:21:00 - Mapped "{[/cms/admin/site/add],methods=[POST]}" onto public java.lang.String zhibi.cms.controller.admin.CmsAdminSiteController.add(zhibi.cms.domain.Site)  [main] [org.springframework.web.servlet.handler.AbstractHandlerMethodMapping$MappingRegistry:543] 
[INFO] 2018-06-05 12:21:00 - Mapped "{[/cms/admin/site/add],methods=[GET]}" onto public java.lang.String zhibi.cms.controller.admin.CmsAdminSiteController.add(org.springframework.ui.Model)  [main] [org.springframework.web.servlet.handler.AbstractHandlerMethodMapping$MappingRegistry:543] 
[INFO] 2018-06-05 12:21:00 - Mapped "{[/cms/admin/site/list]}" onto public java.lang.String zhibi.cms.controller.admin.CmsAdminSiteController.list(org.springframework.ui.Model,zhibi.frame.domain.Page,zhibi.cms.extra.pojo.SitePo)  [main] [org.springframework.web.servlet.handler.AbstractHandlerMethodMapping$MappingRegistry:543] 
[INFO] 2018-06-05 12:21:00 - Mapped "{[/cms/admin/site/update],methods=[POST]}" onto public java.lang.String zhibi.cms.controller.admin.CmsAdminSiteController.update(zhibi.cms.domain.Site)  [main] [org.springframework.web.servlet.handler.AbstractHandlerMethodMapping$MappingRegistry:543] 
[INFO] 2018-06-05 12:21:00 - Mapped "{[/cms/admin/site/updateStatus/{id}]}" onto public java.lang.String zhibi.cms.controller.admin.CmsAdminSiteController.updateStatus(java.lang.String)  [main] [org.springframework.web.servlet.handler.AbstractHandlerMethodMapping$MappingRegistry:543] 
[INFO] 2018-06-05 12:21:00 - Mapped "{[/cms/admin/site/edit/{id}],methods=[GET]}" onto public java.lang.String zhibi.cms.controller.admin.CmsAdminSiteController.edit(org.springframework.ui.Model,java.lang.String)  [main] [org.springframework.web.servlet.handler.AbstractHandlerMethodMapping$MappingRegistry:543] 
[INFO] 2018-06-05 12:21:00 - Mapped "{[/cms/admin/site/del/{id}]}" onto public java.lang.String zhibi.cms.controller.admin.CmsAdminSiteController.del(java.lang.String)  [main] [org.springframework.web.servlet.handler.AbstractHandlerMethodMapping$MappingRegistry:543] 
[INFO] 2018-06-05 12:21:00 - Mapped "{[/cms/admin/webpage/add],methods=[POST]}" onto public java.lang.String zhibi.cms.controller.admin.CmsAdminWebPageController.add(zhibi.cms.domain.WebPage)  [main] [org.springframework.web.servlet.handler.AbstractHandlerMethodMapping$MappingRegistry:543] 
[INFO] 2018-06-05 12:21:00 - Mapped "{[/cms/admin/webpage/add],methods=[GET]}" onto public java.lang.String zhibi.cms.controller.admin.CmsAdminWebPageController.add(org.springframework.ui.Model)  [main] [org.springframework.web.servlet.handler.AbstractHandlerMethodMapping$MappingRegistry:543] 
[INFO] 2018-06-05 12:21:00 - Mapped "{[/cms/admin/webpage/list]}" onto public java.lang.String zhibi.cms.controller.admin.CmsAdminWebPageController.list(org.springframework.ui.Model,zhibi.frame.domain.Page,zhibi.cms.extra.pojo.WebPagePo)  [main] [org.springframework.web.servlet.handler.AbstractHandlerMethodMapping$MappingRegistry:543] 
[INFO] 2018-06-05 12:21:00 - Mapped "{[/cms/admin/webpage/update],methods=[POST]}" onto public java.lang.String zhibi.cms.controller.admin.CmsAdminWebPageController.update(zhibi.cms.domain.WebPage)  [main] [org.springframework.web.servlet.handler.AbstractHandlerMethodMapping$MappingRegistry:543] 
[INFO] 2018-06-05 12:21:00 - Mapped "{[/cms/admin/webpage/edit/{id}],methods=[GET]}" onto public java.lang.String zhibi.cms.controller.admin.CmsAdminWebPageController.edit(org.springframework.ui.Model,java.lang.String)  [main] [org.springframework.web.servlet.handler.AbstractHandlerMethodMapping$MappingRegistry:543] 
[INFO] 2018-06-05 12:21:00 - Mapped "{[/cms/admin/webpage/del/{id}]}" onto public java.lang.String zhibi.cms.controller.admin.CmsAdminWebPageController.del(java.lang.String)  [main] [org.springframework.web.servlet.handler.AbstractHandlerMethodMapping$MappingRegistry:543] 
[INFO] 2018-06-05 12:21:00 - Mapped "{[/cms/article/findById]}" onto public zhibi.commons.response.JsonResult<zhibi.cms.domain.Article> zhibi.cms.controller.CmsArticleController.findById(java.lang.String)  [main] [org.springframework.web.servlet.handler.AbstractHandlerMethodMapping$MappingRegistry:543] 
[INFO] 2018-06-05 12:21:00 - Mapped "{[/cms/article/listBySite]}" onto public zhibi.commons.response.JsonResult<com.github.pagehelper.PageInfo<zhibi.cms.extra.pojo.ArticlePo>> zhibi.cms.controller.CmsArticleController.listBySite(java.lang.String,zhibi.frame.domain.Page)  [main] [org.springframework.web.servlet.handler.AbstractHandlerMethodMapping$MappingRegistry:543] 
[INFO] 2018-06-05 12:21:00 - Mapped "{[/cms/menu/allMenu]}" onto public zhibi.commons.response.JsonResult<java.util.List<zhibi.commons.tree.Tree<zhibi.cms.domain.Menu>>> zhibi.cms.controller.CmsMenuController.allMenu()  [main] [org.springframework.web.servlet.handler.AbstractHandlerMethodMapping$MappingRegistry:543] 
[INFO] 2018-06-05 12:21:00 - Mapped "{[/cms/menu/pageMenu]}" onto public zhibi.commons.response.JsonResult<java.util.Map<java.lang.String, java.lang.Object>> zhibi.cms.controller.CmsMenuController.pageMenu(java.lang.String,java.lang.String)  [main] [org.springframework.web.servlet.handler.AbstractHandlerMethodMapping$MappingRegistry:543] 
[INFO] 2018-06-05 12:21:00 - Mapped "{[/cms/pic/siteFlag]}" onto public zhibi.commons.response.JsonResult<zhibi.cms.extra.pojo.PicPo> zhibi.cms.controller.CmsPicController.siteFlag(java.lang.String,java.lang.String)  [main] [org.springframework.web.servlet.handler.AbstractHandlerMethodMapping$MappingRegistry:543] 
[INFO] 2018-06-05 12:21:00 - Mapped "{[/cms/webPage/menuPage]}" onto public zhibi.commons.response.JsonResult<zhibi.cms.domain.WebPage> zhibi.cms.controller.CmsWebPageController.menuPage(java.lang.String)  [main] [org.springframework.web.servlet.handler.AbstractHandlerMethodMapping$MappingRegistry:543] 
[INFO] 2018-06-05 12:21:00 - Mapped "{[/file/uploadFile]}" onto public void zhibi.cms.controller.HelpController.upload(javax.servlet.http.HttpServletResponse,org.springframework.web.multipart.MultipartFile[])  [main] [org.springframework.web.servlet.handler.AbstractHandlerMethodMapping$MappingRegistry:543] 
[INFO] 2018-06-05 12:21:00 - Mapped "{[/error]}" onto public org.springframework.http.ResponseEntity<java.util.Map<java.lang.String, java.lang.Object>> zhibi.frame.springBoot.exception.ErrorController.error(javax.servlet.http.HttpServletRequest)  [main] [org.springframework.web.servlet.handler.AbstractHandlerMethodMapping$MappingRegistry:543] 
[INFO] 2018-06-05 12:21:00 - Mapped "{[/error],produces=[text/html]}" onto public org.springframework.web.servlet.ModelAndView zhibi.frame.springBoot.exception.ErrorController.errorHtml(javax.servlet.http.HttpServletRequest,javax.servlet.http.HttpServletResponse)  [main] [org.springframework.web.servlet.handler.AbstractHandlerMethodMapping$MappingRegistry:543] 
[INFO] 2018-06-05 12:21:00 - Mapped "{[/]}" onto public java.lang.String jubaozhu.zxc.controller.IndexController.index()  [main] [org.springframework.web.servlet.handler.AbstractHandlerMethodMapping$MappingRegistry:543]
[INFO] 2018-06-05 12:21:00 - Mapped URL path [/webjars/**] onto handler of type [class org.springframework.web.servlet.resource.ResourceHttpRequestHandler]  [main] [org.springframework.web.servlet.handler.AbstractUrlHandlerMapping:362] 
[INFO] 2018-06-05 12:21:00 - Mapped URL path [/**] onto handler of type [class org.springframework.web.servlet.resource.ResourceHttpRequestHandler]  [main] [org.springframework.web.servlet.handler.AbstractUrlHandlerMapping:362] 
[INFO] 2018-06-05 12:21:00 - Mapped URL path [/**/favicon.ico] onto handler of type [class org.springframework.web.servlet.resource.ResourceHttpRequestHandler]  [main] [org.springframework.web.servlet.handler.AbstractUrlHandlerMapping:362] 
[INFO] 2018-06-05 12:21:00 - Adding welcome page: class path resource [views/index.html]  [main] [org.springframework.boot.autoconfigure.web.WebMvcAutoConfiguration$WelcomePageHandlerMapping:549] 
[INFO] 2018-06-05 12:21:01 - ClassTemplateLoader for Spring macros added to FreeMarker configuration  [main] [org.springframework.web.servlet.view.freemarker.FreeMarkerConfigurer:127] 
[INFO] 2018-06-05 12:21:01 - Registering beans for JMX exposure on startup  [main] [org.springframework.jmx.export.MBeanExporter:431] 
[INFO] 2018-06-05 12:21:01 - Bean with name 'statFilter' has been autodetected for JMX exposure  [main] [org.springframework.jmx.export.MBeanExporter:916] 
[INFO] 2018-06-05 12:21:01 - Bean with name 'dataSource' has been autodetected for JMX exposure  [main] [org.springframework.jmx.export.MBeanExporter:916] 
[INFO] 2018-06-05 12:21:01 - Located MBean 'dataSource': registering with JMX server as MBean [com.alibaba.druid.spring.boot.autoconfigure:name=dataSource,type=DruidDataSourceWrapper]  [main] [org.springframework.jmx.export.MBeanExporter:671] 
[INFO] 2018-06-05 12:21:01 - Located MBean 'statFilter': registering with JMX server as MBean [com.alibaba.druid.filter.stat:name=statFilter,type=StatFilter]  [main] [org.springframework.jmx.export.MBeanExporter:671] 
[INFO] 2018-06-05 12:21:01 - Initializing ProtocolHandler ["http-nio-8999"]  [main] [org.apache.juli.logging.DirectJDKLog:179] 
[INFO] 2018-06-05 12:21:01 - Starting ProtocolHandler ["http-nio-8999"]  [main] [org.apache.juli.logging.DirectJDKLog:179] 
[INFO] 2018-06-05 12:21:01 - Using a shared selector for servlet write/read  [main] [org.apache.juli.logging.DirectJDKLog:179] 
[INFO] 2018-06-05 12:21:01 - Tomcat started on port(s): 8999 (http)  [main] [org.springframework.boot.context.embedded.tomcat.TomcatEmbeddedServletContainer:201] 
[INFO] 2018-06-05 12:21:01 - Started Application in 6.17 seconds (JVM running for 6.82)  [main] [org.springframework.boot.StartupInfoLogger:57] 
[INFO] 2018-06-05 12:21:20 - Initializing Spring FrameworkServlet 'dispatcherServlet'  [http-nio-8999-exec-1] [org.apache.juli.logging.DirectJDKLog:179] 
[INFO] 2018-06-05 12:21:20 - FrameworkServlet 'dispatcherServlet': initialization started  [http-nio-8999-exec-1] [org.springframework.web.servlet.FrameworkServlet:489] 
[INFO] 2018-06-05 12:21:20 - FrameworkServlet 'dispatcherServlet': initialization completed in 22 ms  [http-nio-8999-exec-1] [org.springframework.web.servlet.FrameworkServlet:508] 
[INFO] 2018-06-05 12:21:22 - {dataSource-1} inited  [http-nio-8999-exec-3] [com.alibaba.druid.pool.DruidDataSource:854] 
[INFO] 2018-06-05 12:29:32 - Starting Application on DESKTOP-2OL0R8K with PID 9832 (E:\project\zxc\target\classes started by kadou in E:\project\zxc)  [main] [org.springframework.boot.StartupInfoLogger:48] 
[INFO] 2018-06-05 12:29:32 - No active profile set, falling back to default profiles: default  [main] [org.springframework.boot.SpringApplication:593] 
[INFO] 2018-06-05 12:29:32 - Refreshing org.springframework.boot.context.embedded.AnnotationConfigEmbeddedWebApplicationContext@745f0ee5: startup date [Tue Jun 05 12:29:32 CST 2018]; root of context hierarchy  [main] [org.springframework.context.support.AbstractApplicationContext:583] 
[INFO] 2018-06-05 12:29:33 - HV000001: Hibernate Validator 5.3.5.Final  [background-preinit] [org.hibernate.validator.internal.util.Version:30] 
[INFO] 2018-06-05 12:29:34 - Tomcat initialized with port(s): 8999 (http)  [main] [org.springframework.boot.context.embedded.tomcat.TomcatEmbeddedServletContainer:89] 
[INFO] 2018-06-05 12:29:34 - Starting service [Tomcat]  [main] [org.apache.juli.logging.DirectJDKLog:179] 
[INFO] 2018-06-05 12:29:34 - Starting Servlet Engine: Apache Tomcat/8.5.15  [main] [org.apache.juli.logging.DirectJDKLog:179] 
[INFO] 2018-06-05 12:29:34 - Initializing Spring embedded WebApplicationContext  [localhost-startStop-1] [org.apache.juli.logging.DirectJDKLog:179] 
[INFO] 2018-06-05 12:29:34 - Root WebApplicationContext: initialization completed in 2128 ms  [localhost-startStop-1] [org.springframework.boot.context.embedded.EmbeddedWebApplicationContext:276] 
[INFO] 2018-06-05 12:29:35 - Mapping servlet: 'dispatcherServlet' to [/]  [localhost-startStop-1] [org.springframework.boot.web.servlet.ServletRegistrationBean:190] 
[INFO] 2018-06-05 12:29:35 - Mapping servlet: 'statViewServlet' to [/druid/*]  [localhost-startStop-1] [org.springframework.boot.web.servlet.ServletRegistrationBean:190] 
[INFO] 2018-06-05 12:29:35 - Mapping filter: 'characterEncodingFilter' to: [/*]  [localhost-startStop-1] [org.springframework.boot.web.servlet.AbstractFilterRegistrationBean:258] 
[INFO] 2018-06-05 12:29:35 - Mapping filter: 'hiddenHttpMethodFilter' to: [/*]  [localhost-startStop-1] [org.springframework.boot.web.servlet.AbstractFilterRegistrationBean:258] 
[INFO] 2018-06-05 12:29:35 - Mapping filter: 'httpPutFormContentFilter' to: [/*]  [localhost-startStop-1] [org.springframework.boot.web.servlet.AbstractFilterRegistrationBean:258] 
[INFO] 2018-06-05 12:29:35 - Mapping filter: 'requestContextFilter' to: [/*]  [localhost-startStop-1] [org.springframework.boot.web.servlet.AbstractFilterRegistrationBean:258] 
[INFO] 2018-06-05 12:29:35 - Mapping filter: 'webStatFilter' to urls: [/*]  [localhost-startStop-1] [org.springframework.boot.web.servlet.AbstractFilterRegistrationBean:271] 
[INFO] 2018-06-05 12:29:36 - Looking for @ControllerAdvice: org.springframework.boot.context.embedded.AnnotationConfigEmbeddedWebApplicationContext@745f0ee5: startup date [Tue Jun 05 12:29:32 CST 2018]; root of context hierarchy  [main] [org.springframework.web.servlet.mvc.method.annotation.RequestMappingHandlerAdapter:534] 
[INFO] 2018-06-05 12:29:36 - Mapped "{[/cms/admin/article/add],methods=[POST]}" onto public java.lang.String zhibi.cms.controller.admin.CmsAdminArticleController.add(zhibi.cms.domain.Article,org.springframework.web.multipart.MultipartFile)  [main] [org.springframework.web.servlet.handler.AbstractHandlerMethodMapping$MappingRegistry:543] 
[INFO] 2018-06-05 12:29:36 - Mapped "{[/cms/admin/article/add],methods=[GET]}" onto public java.lang.String zhibi.cms.controller.admin.CmsAdminArticleController.add(org.springframework.ui.Model)  [main] [org.springframework.web.servlet.handler.AbstractHandlerMethodMapping$MappingRegistry:543] 
[INFO] 2018-06-05 12:29:36 - Mapped "{[/cms/admin/article/list]}" onto public java.lang.String zhibi.cms.controller.admin.CmsAdminArticleController.list(org.springframework.ui.Model,zhibi.frame.domain.Page,zhibi.cms.extra.pojo.ArticlePo)  [main] [org.springframework.web.servlet.handler.AbstractHandlerMethodMapping$MappingRegistry:543] 
[INFO] 2018-06-05 12:29:36 - Mapped "{[/cms/admin/article/update],methods=[POST]}" onto public java.lang.String zhibi.cms.controller.admin.CmsAdminArticleController.update(zhibi.cms.domain.Article,org.springframework.web.multipart.MultipartFile)  [main] [org.springframework.web.servlet.handler.AbstractHandlerMethodMapping$MappingRegistry:543] 
[INFO] 2018-06-05 12:29:36 - Mapped "{[/cms/admin/article/updateStatus/{id}]}" onto public java.lang.String zhibi.cms.controller.admin.CmsAdminArticleController.updateStatus(java.lang.String)  [main] [org.springframework.web.servlet.handler.AbstractHandlerMethodMapping$MappingRegistry:543] 
[INFO] 2018-06-05 12:29:36 - Mapped "{[/cms/admin/article/del/{id}]}" onto public java.lang.String zhibi.cms.controller.admin.CmsAdminArticleController.del(java.lang.String)  [main] [org.springframework.web.servlet.handler.AbstractHandlerMethodMapping$MappingRegistry:543] 
[INFO] 2018-06-05 12:29:36 - Mapped "{[/cms/admin/article/edit/{id}],methods=[GET]}" onto public java.lang.String zhibi.cms.controller.admin.CmsAdminArticleController.edit(org.springframework.ui.Model,java.lang.String)  [main] [org.springframework.web.servlet.handler.AbstractHandlerMethodMapping$MappingRegistry:543] 
[INFO] 2018-06-05 12:29:36 - Mapped "{[/cms/admin/index]}" onto public java.lang.String zhibi.cms.controller.admin.CmsAdminController.index()  [main] [org.springframework.web.servlet.handler.AbstractHandlerMethodMapping$MappingRegistry:543] 
[INFO] 2018-06-05 12:29:36 - Mapped "{[/cms/admin/welcome]}" onto public java.lang.String zhibi.cms.controller.admin.CmsAdminController.welcome()  [main] [org.springframework.web.servlet.handler.AbstractHandlerMethodMapping$MappingRegistry:543] 
[INFO] 2018-06-05 12:29:36 - Mapped "{[/cms/admin/login],methods=[POST]}" onto public java.lang.String zhibi.cms.controller.admin.CmsAdminController.login(java.lang.String,java.lang.String,org.springframework.ui.Model)  [main] [org.springframework.web.servlet.handler.AbstractHandlerMethodMapping$MappingRegistry:543] 
[INFO] 2018-06-05 12:29:36 - Mapped "{[/cms/admin/login],methods=[GET]}" onto public java.lang.String zhibi.cms.controller.admin.CmsAdminController.login()  [main] [org.springframework.web.servlet.handler.AbstractHandlerMethodMapping$MappingRegistry:543] 
[INFO] 2018-06-05 12:29:36 - Mapped "{[/cms/admin/logout]}" onto public java.lang.String zhibi.cms.controller.admin.CmsAdminController.logout()  [main] [org.springframework.web.servlet.handler.AbstractHandlerMethodMapping$MappingRegistry:543] 
[INFO] 2018-06-05 12:29:36 - Mapped "{[/cms/admin/menu/add],methods=[POST]}" onto public java.lang.String zhibi.cms.controller.admin.CmsAdminMenuController.add(zhibi.cms.domain.Menu,org.springframework.web.multipart.MultipartFile)  [main] [org.springframework.web.servlet.handler.AbstractHandlerMethodMapping$MappingRegistry:543] 
[INFO] 2018-06-05 12:29:36 - Mapped "{[/cms/admin/menu/add],methods=[GET]}" onto public java.lang.String zhibi.cms.controller.admin.CmsAdminMenuController.add(org.springframework.ui.Model)  [main] [org.springframework.web.servlet.handler.AbstractHandlerMethodMapping$MappingRegistry:543] 
[INFO] 2018-06-05 12:29:36 - Mapped "{[/cms/admin/menu/list]}" onto public java.lang.String zhibi.cms.controller.admin.CmsAdminMenuController.list(org.springframework.ui.Model,zhibi.frame.domain.Page,zhibi.cms.extra.pojo.MenuPo)  [main] [org.springframework.web.servlet.handler.AbstractHandlerMethodMapping$MappingRegistry:543] 
[INFO] 2018-06-05 12:29:36 - Mapped "{[/cms/admin/menu/update],methods=[POST]}" onto public java.lang.String zhibi.cms.controller.admin.CmsAdminMenuController.update(zhibi.cms.domain.Menu,org.springframework.web.multipart.MultipartFile)  [main] [org.springframework.web.servlet.handler.AbstractHandlerMethodMapping$MappingRegistry:543] 
[INFO] 2018-06-05 12:29:36 - Mapped "{[/cms/admin/menu/updateStatus/{id}]}" onto public java.lang.String zhibi.cms.controller.admin.CmsAdminMenuController.updateStatus(java.lang.String)  [main] [org.springframework.web.servlet.handler.AbstractHandlerMethodMapping$MappingRegistry:543] 
[INFO] 2018-06-05 12:29:36 - Mapped "{[/cms/admin/menu/del/{id}]}" onto public java.lang.String zhibi.cms.controller.admin.CmsAdminMenuController.del(java.lang.String)  [main] [org.springframework.web.servlet.handler.AbstractHandlerMethodMapping$MappingRegistry:543] 
[INFO] 2018-06-05 12:29:36 - Mapped "{[/cms/admin/menu/edit/{id}],methods=[GET]}" onto public java.lang.String zhibi.cms.controller.admin.CmsAdminMenuController.edit(org.springframework.ui.Model,java.lang.String)  [main] [org.springframework.web.servlet.handler.AbstractHandlerMethodMapping$MappingRegistry:543] 
[INFO] 2018-06-05 12:29:36 - Mapped "{[/cms/admin/pic/add],methods=[POST]}" onto public java.lang.String zhibi.cms.controller.admin.CmsAdminPicController.add(zhibi.cms.domain.Pic,org.springframework.web.multipart.MultipartFile)  [main] [org.springframework.web.servlet.handler.AbstractHandlerMethodMapping$MappingRegistry:543] 
[INFO] 2018-06-05 12:29:36 - Mapped "{[/cms/admin/pic/add],methods=[GET]}" onto public java.lang.String zhibi.cms.controller.admin.CmsAdminPicController.add(org.springframework.ui.Model)  [main] [org.springframework.web.servlet.handler.AbstractHandlerMethodMapping$MappingRegistry:543] 
[INFO] 2018-06-05 12:29:36 - Mapped "{[/cms/admin/pic/list]}" onto public java.lang.String zhibi.cms.controller.admin.CmsAdminPicController.list(org.springframework.ui.Model,zhibi.frame.domain.Page,zhibi.cms.extra.pojo.PicPo)  [main] [org.springframework.web.servlet.handler.AbstractHandlerMethodMapping$MappingRegistry:543] 
[INFO] 2018-06-05 12:29:36 - Mapped "{[/cms/admin/pic/update],methods=[POST]}" onto public java.lang.String zhibi.cms.controller.admin.CmsAdminPicController.update(zhibi.cms.domain.Pic,org.springframework.web.multipart.MultipartFile)  [main] [org.springframework.web.servlet.handler.AbstractHandlerMethodMapping$MappingRegistry:543] 
[INFO] 2018-06-05 12:29:36 - Mapped "{[/cms/admin/pic/updateStatus/{id}]}" onto public java.lang.String zhibi.cms.controller.admin.CmsAdminPicController.updateStatus(java.lang.String)  [main] [org.springframework.web.servlet.handler.AbstractHandlerMethodMapping$MappingRegistry:543] 
[INFO] 2018-06-05 12:29:36 - Mapped "{[/cms/admin/pic/del/{id}]}" onto public java.lang.String zhibi.cms.controller.admin.CmsAdminPicController.del(java.lang.String)  [main] [org.springframework.web.servlet.handler.AbstractHandlerMethodMapping$MappingRegistry:543] 
[INFO] 2018-06-05 12:29:36 - Mapped "{[/cms/admin/pic/edit/{id}],methods=[GET]}" onto public java.lang.String zhibi.cms.controller.admin.CmsAdminPicController.edit(org.springframework.ui.Model,java.lang.String)  [main] [org.springframework.web.servlet.handler.AbstractHandlerMethodMapping$MappingRegistry:543] 
[INFO] 2018-06-05 12:29:36 - Mapped "{[/cms/admin/site/add],methods=[POST]}" onto public java.lang.String zhibi.cms.controller.admin.CmsAdminSiteController.add(zhibi.cms.domain.Site)  [main] [org.springframework.web.servlet.handler.AbstractHandlerMethodMapping$MappingRegistry:543] 
[INFO] 2018-06-05 12:29:36 - Mapped "{[/cms/admin/site/add],methods=[GET]}" onto public java.lang.String zhibi.cms.controller.admin.CmsAdminSiteController.add(org.springframework.ui.Model)  [main] [org.springframework.web.servlet.handler.AbstractHandlerMethodMapping$MappingRegistry:543] 
[INFO] 2018-06-05 12:29:36 - Mapped "{[/cms/admin/site/list]}" onto public java.lang.String zhibi.cms.controller.admin.CmsAdminSiteController.list(org.springframework.ui.Model,zhibi.frame.domain.Page,zhibi.cms.extra.pojo.SitePo)  [main] [org.springframework.web.servlet.handler.AbstractHandlerMethodMapping$MappingRegistry:543] 
[INFO] 2018-06-05 12:29:36 - Mapped "{[/cms/admin/site/update],methods=[POST]}" onto public java.lang.String zhibi.cms.controller.admin.CmsAdminSiteController.update(zhibi.cms.domain.Site)  [main] [org.springframework.web.servlet.handler.AbstractHandlerMethodMapping$MappingRegistry:543] 
[INFO] 2018-06-05 12:29:36 - Mapped "{[/cms/admin/site/updateStatus/{id}]}" onto public java.lang.String zhibi.cms.controller.admin.CmsAdminSiteController.updateStatus(java.lang.String)  [main] [org.springframework.web.servlet.handler.AbstractHandlerMethodMapping$MappingRegistry:543] 
[INFO] 2018-06-05 12:29:36 - Mapped "{[/cms/admin/site/del/{id}]}" onto public java.lang.String zhibi.cms.controller.admin.CmsAdminSiteController.del(java.lang.String)  [main] [org.springframework.web.servlet.handler.AbstractHandlerMethodMapping$MappingRegistry:543] 
[INFO] 2018-06-05 12:29:36 - Mapped "{[/cms/admin/site/edit/{id}],methods=[GET]}" onto public java.lang.String zhibi.cms.controller.admin.CmsAdminSiteController.edit(org.springframework.ui.Model,java.lang.String)  [main] [org.springframework.web.servlet.handler.AbstractHandlerMethodMapping$MappingRegistry:543] 
[INFO] 2018-06-05 12:29:36 - Mapped "{[/cms/admin/webpage/add],methods=[POST]}" onto public java.lang.String zhibi.cms.controller.admin.CmsAdminWebPageController.add(zhibi.cms.domain.WebPage)  [main] [org.springframework.web.servlet.handler.AbstractHandlerMethodMapping$MappingRegistry:543] 
[INFO] 2018-06-05 12:29:36 - Mapped "{[/cms/admin/webpage/add],methods=[GET]}" onto public java.lang.String zhibi.cms.controller.admin.CmsAdminWebPageController.add(org.springframework.ui.Model)  [main] [org.springframework.web.servlet.handler.AbstractHandlerMethodMapping$MappingRegistry:543] 
[INFO] 2018-06-05 12:29:36 - Mapped "{[/cms/admin/webpage/list]}" onto public java.lang.String zhibi.cms.controller.admin.CmsAdminWebPageController.list(org.springframework.ui.Model,zhibi.frame.domain.Page,zhibi.cms.extra.pojo.WebPagePo)  [main] [org.springframework.web.servlet.handler.AbstractHandlerMethodMapping$MappingRegistry:543] 
[INFO] 2018-06-05 12:29:36 - Mapped "{[/cms/admin/webpage/update],methods=[POST]}" onto public java.lang.String zhibi.cms.controller.admin.CmsAdminWebPageController.update(zhibi.cms.domain.WebPage)  [main] [org.springframework.web.servlet.handler.AbstractHandlerMethodMapping$MappingRegistry:543] 
[INFO] 2018-06-05 12:29:36 - Mapped "{[/cms/admin/webpage/del/{id}]}" onto public java.lang.String zhibi.cms.controller.admin.CmsAdminWebPageController.del(java.lang.String)  [main] [org.springframework.web.servlet.handler.AbstractHandlerMethodMapping$MappingRegistry:543] 
[INFO] 2018-06-05 12:29:36 - Mapped "{[/cms/admin/webpage/edit/{id}],methods=[GET]}" onto public java.lang.String zhibi.cms.controller.admin.CmsAdminWebPageController.edit(org.springframework.ui.Model,java.lang.String)  [main] [org.springframework.web.servlet.handler.AbstractHandlerMethodMapping$MappingRegistry:543] 
[INFO] 2018-06-05 12:29:36 - Mapped "{[/cms/article/listBySite]}" onto public zhibi.commons.response.JsonResult<com.github.pagehelper.PageInfo<zhibi.cms.extra.pojo.ArticlePo>> zhibi.cms.controller.CmsArticleController.listBySite(java.lang.String,zhibi.frame.domain.Page)  [main] [org.springframework.web.servlet.handler.AbstractHandlerMethodMapping$MappingRegistry:543] 
[INFO] 2018-06-05 12:29:36 - Mapped "{[/cms/article/findById]}" onto public zhibi.commons.response.JsonResult<zhibi.cms.domain.Article> zhibi.cms.controller.CmsArticleController.findById(java.lang.String)  [main] [org.springframework.web.servlet.handler.AbstractHandlerMethodMapping$MappingRegistry:543] 
[INFO] 2018-06-05 12:29:36 - Mapped "{[/cms/menu/pageMenu]}" onto public zhibi.commons.response.JsonResult<java.util.Map<java.lang.String, java.lang.Object>> zhibi.cms.controller.CmsMenuController.pageMenu(java.lang.String,java.lang.String)  [main] [org.springframework.web.servlet.handler.AbstractHandlerMethodMapping$MappingRegistry:543] 
[INFO] 2018-06-05 12:29:36 - Mapped "{[/cms/menu/allMenu]}" onto public zhibi.commons.response.JsonResult<java.util.List<zhibi.commons.tree.Tree<zhibi.cms.domain.Menu>>> zhibi.cms.controller.CmsMenuController.allMenu()  [main] [org.springframework.web.servlet.handler.AbstractHandlerMethodMapping$MappingRegistry:543] 
[INFO] 2018-06-05 12:29:36 - Mapped "{[/cms/pic/siteFlag]}" onto public zhibi.commons.response.JsonResult<zhibi.cms.extra.pojo.PicPo> zhibi.cms.controller.CmsPicController.siteFlag(java.lang.String,java.lang.String)  [main] [org.springframework.web.servlet.handler.AbstractHandlerMethodMapping$MappingRegistry:543] 
[INFO] 2018-06-05 12:29:36 - Mapped "{[/cms/webPage/menuPage]}" onto public zhibi.commons.response.JsonResult<zhibi.cms.domain.WebPage> zhibi.cms.controller.CmsWebPageController.menuPage(java.lang.String)  [main] [org.springframework.web.servlet.handler.AbstractHandlerMethodMapping$MappingRegistry:543] 
[INFO] 2018-06-05 12:29:36 - Mapped "{[/file/uploadFile]}" onto public void zhibi.cms.controller.HelpController.upload(javax.servlet.http.HttpServletResponse,org.springframework.web.multipart.MultipartFile[])  [main] [org.springframework.web.servlet.handler.AbstractHandlerMethodMapping$MappingRegistry:543] 
[INFO] 2018-06-05 12:29:36 - Mapped "{[/error]}" onto public org.springframework.http.ResponseEntity<java.util.Map<java.lang.String, java.lang.Object>> zhibi.frame.springBoot.exception.ErrorController.error(javax.servlet.http.HttpServletRequest)  [main] [org.springframework.web.servlet.handler.AbstractHandlerMethodMapping$MappingRegistry:543] 
[INFO] 2018-06-05 12:29:36 - Mapped "{[/error],produces=[text/html]}" onto public org.springframework.web.servlet.ModelAndView zhibi.frame.springBoot.exception.ErrorController.errorHtml(javax.servlet.http.HttpServletRequest,javax.servlet.http.HttpServletResponse)  [main] [org.springframework.web.servlet.handler.AbstractHandlerMethodMapping$MappingRegistry:543] 
[INFO] 2018-06-05 12:29:36 - Mapped "{[/]}" onto public java.lang.String jubaozhu.zxc.controller.IndexController.index()  [main] [org.springframework.web.servlet.handler.AbstractHandlerMethodMapping$MappingRegistry:543] 
[INFO] 2018-06-05 12:29:36 - Mapped URL path [/webjars/**] onto handler of type [class org.springframework.web.servlet.resource.ResourceHttpRequestHandler]  [main] [org.springframework.web.servlet.handler.AbstractUrlHandlerMapping:362] 
[INFO] 2018-06-05 12:29:36 - Mapped URL path [/**] onto handler of type [class org.springframework.web.servlet.resource.ResourceHttpRequestHandler]  [main] [org.springframework.web.servlet.handler.AbstractUrlHandlerMapping:362] 
[INFO] 2018-06-05 12:29:36 - Mapped URL path [/**/favicon.ico] onto handler of type [class org.springframework.web.servlet.resource.ResourceHttpRequestHandler]  [main] [org.springframework.web.servlet.handler.AbstractUrlHandlerMapping:362] 
[INFO] 2018-06-05 12:29:36 - Adding welcome page: class path resource [views/index.html]  [main] [org.springframework.boot.autoconfigure.web.WebMvcAutoConfiguration$WelcomePageHandlerMapping:549] 
[INFO] 2018-06-05 12:29:37 - ClassTemplateLoader for Spring macros added to FreeMarker configuration  [main] [org.springframework.web.servlet.view.freemarker.FreeMarkerConfigurer:127] 
[INFO] 2018-06-05 12:29:37 - Registering beans for JMX exposure on startup  [main] [org.springframework.jmx.export.MBeanExporter:431] 
[INFO] 2018-06-05 12:29:37 - Bean with name 'statFilter' has been autodetected for JMX exposure  [main] [org.springframework.jmx.export.MBeanExporter:916] 
[INFO] 2018-06-05 12:29:37 - Bean with name 'dataSource' has been autodetected for JMX exposure  [main] [org.springframework.jmx.export.MBeanExporter:916] 
[INFO] 2018-06-05 12:29:37 - Located MBean 'dataSource': registering with JMX server as MBean [com.alibaba.druid.spring.boot.autoconfigure:name=dataSource,type=DruidDataSourceWrapper]  [main] [org.springframework.jmx.export.MBeanExporter:671] 
[INFO] 2018-06-05 12:29:37 - Located MBean 'statFilter': registering with JMX server as MBean [com.alibaba.druid.filter.stat:name=statFilter,type=StatFilter]  [main] [org.springframework.jmx.export.MBeanExporter:671] 
[INFO] 2018-06-05 12:29:37 - Initializing ProtocolHandler ["http-nio-8999"]  [main] [org.apache.juli.logging.DirectJDKLog:179] 
[INFO] 2018-06-05 12:29:37 - Starting ProtocolHandler ["http-nio-8999"]  [main] [org.apache.juli.logging.DirectJDKLog:179] 
[INFO] 2018-06-05 12:29:37 - Using a shared selector for servlet write/read  [main] [org.apache.juli.logging.DirectJDKLog:179] 
[INFO] 2018-06-05 12:29:37 - Tomcat started on port(s): 8999 (http)  [main] [org.springframework.boot.context.embedded.tomcat.TomcatEmbeddedServletContainer:201] 
[INFO] 2018-06-05 12:29:37 - Started Application in 5.688 seconds (JVM running for 6.124)  [main] [org.springframework.boot.StartupInfoLogger:57] 
[INFO] 2018-06-05 12:29:43 - Initializing Spring FrameworkServlet 'dispatcherServlet'  [http-nio-8999-exec-1] [org.apache.juli.logging.DirectJDKLog:179] 
[INFO] 2018-06-05 12:29:43 - FrameworkServlet 'dispatcherServlet': initialization started  [http-nio-8999-exec-1] [org.springframework.web.servlet.FrameworkServlet:489] 
[INFO] 2018-06-05 12:29:43 - FrameworkServlet 'dispatcherServlet': initialization completed in 17 ms  [http-nio-8999-exec-1] [org.springframework.web.servlet.FrameworkServlet:508] 
[INFO] 2018-06-05 12:29:44 - {dataSource-1} inited  [http-nio-8999-exec-6] [com.alibaba.druid.pool.DruidDataSource:854] 
[INFO] 2018-06-05 12:30:15 - Starting Application on DESKTOP-2OL0R8K with PID 5624 (E:\project\zxc\target\classes started by kadou in E:\project\zxc)  [main] [org.springframework.boot.StartupInfoLogger:48] 
[INFO] 2018-06-05 12:30:15 - No active profile set, falling back to default profiles: default  [main] [org.springframework.boot.SpringApplication:593] 
[INFO] 2018-06-05 12:30:15 - Refreshing org.springframework.boot.context.embedded.AnnotationConfigEmbeddedWebApplicationContext@56404645: startup date [Tue Jun 05 12:30:15 CST 2018]; root of context hierarchy  [main] [org.springframework.context.support.AbstractApplicationContext:583] 
[INFO] 2018-06-05 12:30:15 - HV000001: Hibernate Validator 5.3.5.Final  [background-preinit] [org.hibernate.validator.internal.util.Version:30] 
[INFO] 2018-06-05 12:30:17 - Tomcat initialized with port(s): 8999 (http)  [main] [org.springframework.boot.context.embedded.tomcat.TomcatEmbeddedServletContainer:89] 
[INFO] 2018-06-05 12:30:17 - Starting service [Tomcat]  [main] [org.apache.juli.logging.DirectJDKLog:179] 
[INFO] 2018-06-05 12:30:17 - Starting Servlet Engine: Apache Tomcat/8.5.15  [main] [org.apache.juli.logging.DirectJDKLog:179] 
[INFO] 2018-06-05 12:30:17 - Initializing Spring embedded WebApplicationContext  [localhost-startStop-1] [org.apache.juli.logging.DirectJDKLog:179] 
[INFO] 2018-06-05 12:30:17 - Root WebApplicationContext: initialization completed in 1978 ms  [localhost-startStop-1] [org.springframework.boot.context.embedded.EmbeddedWebApplicationContext:276] 
[INFO] 2018-06-05 12:30:17 - Mapping servlet: 'dispatcherServlet' to [/]  [localhost-startStop-1] [org.springframework.boot.web.servlet.ServletRegistrationBean:190] 
[INFO] 2018-06-05 12:30:17 - Mapping servlet: 'statViewServlet' to [/druid/*]  [localhost-startStop-1] [org.springframework.boot.web.servlet.ServletRegistrationBean:190] 
[INFO] 2018-06-05 12:30:17 - Mapping filter: 'characterEncodingFilter' to: [/*]  [localhost-startStop-1] [org.springframework.boot.web.servlet.AbstractFilterRegistrationBean:258] 
[INFO] 2018-06-05 12:30:17 - Mapping filter: 'hiddenHttpMethodFilter' to: [/*]  [localhost-startStop-1] [org.springframework.boot.web.servlet.AbstractFilterRegistrationBean:258] 
[INFO] 2018-06-05 12:30:17 - Mapping filter: 'httpPutFormContentFilter' to: [/*]  [localhost-startStop-1] [org.springframework.boot.web.servlet.AbstractFilterRegistrationBean:258] 
[INFO] 2018-06-05 12:30:17 - Mapping filter: 'requestContextFilter' to: [/*]  [localhost-startStop-1] [org.springframework.boot.web.servlet.AbstractFilterRegistrationBean:258] 
[INFO] 2018-06-05 12:30:17 - Mapping filter: 'webStatFilter' to urls: [/*]  [localhost-startStop-1] [org.springframework.boot.web.servlet.AbstractFilterRegistrationBean:271] 
[INFO] 2018-06-05 12:30:19 - Looking for @ControllerAdvice: org.springframework.boot.context.embedded.AnnotationConfigEmbeddedWebApplicationContext@56404645: startup date [Tue Jun 05 12:30:15 CST 2018]; root of context hierarchy  [main] [org.springframework.web.servlet.mvc.method.annotation.RequestMappingHandlerAdapter:534] 
[INFO] 2018-06-05 12:30:19 - Mapped "{[/cms/admin/article/add],methods=[POST]}" onto public java.lang.String zhibi.cms.controller.admin.CmsAdminArticleController.add(zhibi.cms.domain.Article,org.springframework.web.multipart.MultipartFile)  [main] [org.springframework.web.servlet.handler.AbstractHandlerMethodMapping$MappingRegistry:543] 
[INFO] 2018-06-05 12:30:19 - Mapped "{[/cms/admin/article/add],methods=[GET]}" onto public java.lang.String zhibi.cms.controller.admin.CmsAdminArticleController.add(org.springframework.ui.Model)  [main] [org.springframework.web.servlet.handler.AbstractHandlerMethodMapping$MappingRegistry:543] 
[INFO] 2018-06-05 12:30:19 - Mapped "{[/cms/admin/article/list]}" onto public java.lang.String zhibi.cms.controller.admin.CmsAdminArticleController.list(org.springframework.ui.Model,zhibi.frame.domain.Page,zhibi.cms.extra.pojo.ArticlePo)  [main] [org.springframework.web.servlet.handler.AbstractHandlerMethodMapping$MappingRegistry:543] 
[INFO] 2018-06-05 12:30:19 - Mapped "{[/cms/admin/article/update],methods=[POST]}" onto public java.lang.String zhibi.cms.controller.admin.CmsAdminArticleController.update(zhibi.cms.domain.Article,org.springframework.web.multipart.MultipartFile)  [main] [org.springframework.web.servlet.handler.AbstractHandlerMethodMapping$MappingRegistry:543] 
[INFO] 2018-06-05 12:30:19 - Mapped "{[/cms/admin/article/updateStatus/{id}]}" onto public java.lang.String zhibi.cms.controller.admin.CmsAdminArticleController.updateStatus(java.lang.String)  [main] [org.springframework.web.servlet.handler.AbstractHandlerMethodMapping$MappingRegistry:543] 
[INFO] 2018-06-05 12:30:19 - Mapped "{[/cms/admin/article/del/{id}]}" onto public java.lang.String zhibi.cms.controller.admin.CmsAdminArticleController.del(java.lang.String)  [main] [org.springframework.web.servlet.handler.AbstractHandlerMethodMapping$MappingRegistry:543] 
[INFO] 2018-06-05 12:30:19 - Mapped "{[/cms/admin/article/edit/{id}],methods=[GET]}" onto public java.lang.String zhibi.cms.controller.admin.CmsAdminArticleController.edit(org.springframework.ui.Model,java.lang.String)  [main] [org.springframework.web.servlet.handler.AbstractHandlerMethodMapping$MappingRegistry:543] 
[INFO] 2018-06-05 12:30:19 - Mapped "{[/cms/admin/index]}" onto public java.lang.String zhibi.cms.controller.admin.CmsAdminController.index()  [main] [org.springframework.web.servlet.handler.AbstractHandlerMethodMapping$MappingRegistry:543] 
[INFO] 2018-06-05 12:30:19 - Mapped "{[/cms/admin/logout]}" onto public java.lang.String zhibi.cms.controller.admin.CmsAdminController.logout()  [main] [org.springframework.web.servlet.handler.AbstractHandlerMethodMapping$MappingRegistry:543] 
[INFO] 2018-06-05 12:30:19 - Mapped "{[/cms/admin/welcome]}" onto public java.lang.String zhibi.cms.controller.admin.CmsAdminController.welcome()  [main] [org.springframework.web.servlet.handler.AbstractHandlerMethodMapping$MappingRegistry:543] 
[INFO] 2018-06-05 12:30:19 - Mapped "{[/cms/admin/login],methods=[POST]}" onto public java.lang.String zhibi.cms.controller.admin.CmsAdminController.login(java.lang.String,java.lang.String,org.springframework.ui.Model)  [main] [org.springframework.web.servlet.handler.AbstractHandlerMethodMapping$MappingRegistry:543] 
[INFO] 2018-06-05 12:30:19 - Mapped "{[/cms/admin/login],methods=[GET]}" onto public java.lang.String zhibi.cms.controller.admin.CmsAdminController.login()  [main] [org.springframework.web.servlet.handler.AbstractHandlerMethodMapping$MappingRegistry:543] 
[INFO] 2018-06-05 12:30:19 - Mapped "{[/cms/admin/menu/add],methods=[POST]}" onto public java.lang.String zhibi.cms.controller.admin.CmsAdminMenuController.add(zhibi.cms.domain.Menu,org.springframework.web.multipart.MultipartFile)  [main] [org.springframework.web.servlet.handler.AbstractHandlerMethodMapping$MappingRegistry:543] 
[INFO] 2018-06-05 12:30:19 - Mapped "{[/cms/admin/menu/add],methods=[GET]}" onto public java.lang.String zhibi.cms.controller.admin.CmsAdminMenuController.add(org.springframework.ui.Model)  [main] [org.springframework.web.servlet.handler.AbstractHandlerMethodMapping$MappingRegistry:543] 
[INFO] 2018-06-05 12:30:19 - Mapped "{[/cms/admin/menu/list]}" onto public java.lang.String zhibi.cms.controller.admin.CmsAdminMenuController.list(org.springframework.ui.Model,zhibi.frame.domain.Page,zhibi.cms.extra.pojo.MenuPo)  [main] [org.springframework.web.servlet.handler.AbstractHandlerMethodMapping$MappingRegistry:543] 
[INFO] 2018-06-05 12:30:19 - Mapped "{[/cms/admin/menu/update],methods=[POST]}" onto public java.lang.String zhibi.cms.controller.admin.CmsAdminMenuController.update(zhibi.cms.domain.Menu,org.springframework.web.multipart.MultipartFile)  [main] [org.springframework.web.servlet.handler.AbstractHandlerMethodMapping$MappingRegistry:543] 
[INFO] 2018-06-05 12:30:19 - Mapped "{[/cms/admin/menu/updateStatus/{id}]}" onto public java.lang.String zhibi.cms.controller.admin.CmsAdminMenuController.updateStatus(java.lang.String)  [main] [org.springframework.web.servlet.handler.AbstractHandlerMethodMapping$MappingRegistry:543] 
[INFO] 2018-06-05 12:30:19 - Mapped "{[/cms/admin/menu/del/{id}]}" onto public java.lang.String zhibi.cms.controller.admin.CmsAdminMenuController.del(java.lang.String)  [main] [org.springframework.web.servlet.handler.AbstractHandlerMethodMapping$MappingRegistry:543] 
[INFO] 2018-06-05 12:30:19 - Mapped "{[/cms/admin/menu/edit/{id}],methods=[GET]}" onto public java.lang.String zhibi.cms.controller.admin.CmsAdminMenuController.edit(org.springframework.ui.Model,java.lang.String)  [main] [org.springframework.web.servlet.handler.AbstractHandlerMethodMapping$MappingRegistry:543] 
[INFO] 2018-06-05 12:30:19 - Mapped "{[/cms/admin/pic/add],methods=[POST]}" onto public java.lang.String zhibi.cms.controller.admin.CmsAdminPicController.add(zhibi.cms.domain.Pic,org.springframework.web.multipart.MultipartFile)  [main] [org.springframework.web.servlet.handler.AbstractHandlerMethodMapping$MappingRegistry:543] 
[INFO] 2018-06-05 12:30:19 - Mapped "{[/cms/admin/pic/add],methods=[GET]}" onto public java.lang.String zhibi.cms.controller.admin.CmsAdminPicController.add(org.springframework.ui.Model)  [main] [org.springframework.web.servlet.handler.AbstractHandlerMethodMapping$MappingRegistry:543] 
[INFO] 2018-06-05 12:30:19 - Mapped "{[/cms/admin/pic/list]}" onto public java.lang.String zhibi.cms.controller.admin.CmsAdminPicController.list(org.springframework.ui.Model,zhibi.frame.domain.Page,zhibi.cms.extra.pojo.PicPo)  [main] [org.springframework.web.servlet.handler.AbstractHandlerMethodMapping$MappingRegistry:543] 
[INFO] 2018-06-05 12:30:19 - Mapped "{[/cms/admin/pic/update],methods=[POST]}" onto public java.lang.String zhibi.cms.controller.admin.CmsAdminPicController.update(zhibi.cms.domain.Pic,org.springframework.web.multipart.MultipartFile)  [main] [org.springframework.web.servlet.handler.AbstractHandlerMethodMapping$MappingRegistry:543] 
[INFO] 2018-06-05 12:30:19 - Mapped "{[/cms/admin/pic/updateStatus/{id}]}" onto public java.lang.String zhibi.cms.controller.admin.CmsAdminPicController.updateStatus(java.lang.String)  [main] [org.springframework.web.servlet.handler.AbstractHandlerMethodMapping$MappingRegistry:543] 
[INFO] 2018-06-05 12:30:19 - Mapped "{[/cms/admin/pic/del/{id}]}" onto public java.lang.String zhibi.cms.controller.admin.CmsAdminPicController.del(java.lang.String)  [main] [org.springframework.web.servlet.handler.AbstractHandlerMethodMapping$MappingRegistry:543] 
[INFO] 2018-06-05 12:30:19 - Mapped "{[/cms/admin/pic/edit/{id}],methods=[GET]}" onto public java.lang.String zhibi.cms.controller.admin.CmsAdminPicController.edit(org.springframework.ui.Model,java.lang.String)  [main] [org.springframework.web.servlet.handler.AbstractHandlerMethodMapping$MappingRegistry:543] 
[INFO] 2018-06-05 12:30:19 - Mapped "{[/cms/admin/site/add],methods=[POST]}" onto public java.lang.String zhibi.cms.controller.admin.CmsAdminSiteController.add(zhibi.cms.domain.Site)  [main] [org.springframework.web.servlet.handler.AbstractHandlerMethodMapping$MappingRegistry:543] 
[INFO] 2018-06-05 12:30:19 - Mapped "{[/cms/admin/site/add],methods=[GET]}" onto public java.lang.String zhibi.cms.controller.admin.CmsAdminSiteController.add(org.springframework.ui.Model)  [main] [org.springframework.web.servlet.handler.AbstractHandlerMethodMapping$MappingRegistry:543] 
[INFO] 2018-06-05 12:30:19 - Mapped "{[/cms/admin/site/list]}" onto public java.lang.String zhibi.cms.controller.admin.CmsAdminSiteController.list(org.springframework.ui.Model,zhibi.frame.domain.Page,zhibi.cms.extra.pojo.SitePo)  [main] [org.springframework.web.servlet.handler.AbstractHandlerMethodMapping$MappingRegistry:543] 
[INFO] 2018-06-05 12:30:19 - Mapped "{[/cms/admin/site/update],methods=[POST]}" onto public java.lang.String zhibi.cms.controller.admin.CmsAdminSiteController.update(zhibi.cms.domain.Site)  [main] [org.springframework.web.servlet.handler.AbstractHandlerMethodMapping$MappingRegistry:543] 
[INFO] 2018-06-05 12:30:19 - Mapped "{[/cms/admin/site/updateStatus/{id}]}" onto public java.lang.String zhibi.cms.controller.admin.CmsAdminSiteController.updateStatus(java.lang.String)  [main] [org.springframework.web.servlet.handler.AbstractHandlerMethodMapping$MappingRegistry:543] 
[INFO] 2018-06-05 12:30:19 - Mapped "{[/cms/admin/site/del/{id}]}" onto public java.lang.String zhibi.cms.controller.admin.CmsAdminSiteController.del(java.lang.String)  [main] [org.springframework.web.servlet.handler.AbstractHandlerMethodMapping$MappingRegistry:543] 
[INFO] 2018-06-05 12:30:19 - Mapped "{[/cms/admin/site/edit/{id}],methods=[GET]}" onto public java.lang.String zhibi.cms.controller.admin.CmsAdminSiteController.edit(org.springframework.ui.Model,java.lang.String)  [main] [org.springframework.web.servlet.handler.AbstractHandlerMethodMapping$MappingRegistry:543] 
[INFO] 2018-06-05 12:30:19 - Mapped "{[/cms/admin/webpage/add],methods=[POST]}" onto public java.lang.String zhibi.cms.controller.admin.CmsAdminWebPageController.add(zhibi.cms.domain.WebPage)  [main] [org.springframework.web.servlet.handler.AbstractHandlerMethodMapping$MappingRegistry:543] 
[INFO] 2018-06-05 12:30:19 - Mapped "{[/cms/admin/webpage/add],methods=[GET]}" onto public java.lang.String zhibi.cms.controller.admin.CmsAdminWebPageController.add(org.springframework.ui.Model)  [main] [org.springframework.web.servlet.handler.AbstractHandlerMethodMapping$MappingRegistry:543] 
[INFO] 2018-06-05 12:30:19 - Mapped "{[/cms/admin/webpage/list]}" onto public java.lang.String zhibi.cms.controller.admin.CmsAdminWebPageController.list(org.springframework.ui.Model,zhibi.frame.domain.Page,zhibi.cms.extra.pojo.WebPagePo)  [main] [org.springframework.web.servlet.handler.AbstractHandlerMethodMapping$MappingRegistry:543] 
[INFO] 2018-06-05 12:30:19 - Mapped "{[/cms/admin/webpage/update],methods=[POST]}" onto public java.lang.String zhibi.cms.controller.admin.CmsAdminWebPageController.update(zhibi.cms.domain.WebPage)  [main] [org.springframework.web.servlet.handler.AbstractHandlerMethodMapping$MappingRegistry:543] 
[INFO] 2018-06-05 12:30:19 - Mapped "{[/cms/admin/webpage/del/{id}]}" onto public java.lang.String zhibi.cms.controller.admin.CmsAdminWebPageController.del(java.lang.String)  [main] [org.springframework.web.servlet.handler.AbstractHandlerMethodMapping$MappingRegistry:543] 
[INFO] 2018-06-05 12:30:19 - Mapped "{[/cms/admin/webpage/edit/{id}],methods=[GET]}" onto public java.lang.String zhibi.cms.controller.admin.CmsAdminWebPageController.edit(org.springframework.ui.Model,java.lang.String)  [main] [org.springframework.web.servlet.handler.AbstractHandlerMethodMapping$MappingRegistry:543] 
[INFO] 2018-06-05 12:30:19 - Mapped "{[/cms/article/findById]}" onto public zhibi.commons.response.JsonResult<zhibi.cms.domain.Article> zhibi.cms.controller.CmsArticleController.findById(java.lang.String)  [main] [org.springframework.web.servlet.handler.AbstractHandlerMethodMapping$MappingRegistry:543] 
[INFO] 2018-06-05 12:30:19 - Mapped "{[/cms/article/listBySite]}" onto public zhibi.commons.response.JsonResult<com.github.pagehelper.PageInfo<zhibi.cms.extra.pojo.ArticlePo>> zhibi.cms.controller.CmsArticleController.listBySite(java.lang.String,zhibi.frame.domain.Page)  [main] [org.springframework.web.servlet.handler.AbstractHandlerMethodMapping$MappingRegistry:543] 
[INFO] 2018-06-05 12:30:19 - Mapped "{[/cms/menu/pageMenu]}" onto public zhibi.commons.response.JsonResult<java.util.Map<java.lang.String, java.lang.Object>> zhibi.cms.controller.CmsMenuController.pageMenu(java.lang.String,java.lang.String)  [main] [org.springframework.web.servlet.handler.AbstractHandlerMethodMapping$MappingRegistry:543] 
[INFO] 2018-06-05 12:30:19 - Mapped "{[/cms/menu/allMenu]}" onto public zhibi.commons.response.JsonResult<java.util.List<zhibi.commons.tree.Tree<zhibi.cms.domain.Menu>>> zhibi.cms.controller.CmsMenuController.allMenu()  [main] [org.springframework.web.servlet.handler.AbstractHandlerMethodMapping$MappingRegistry:543] 
[INFO] 2018-06-05 12:30:19 - Mapped "{[/cms/pic/siteFlag]}" onto public zhibi.commons.response.JsonResult<zhibi.cms.extra.pojo.PicPo> zhibi.cms.controller.CmsPicController.siteFlag(java.lang.String,java.lang.String)  [main] [org.springframework.web.servlet.handler.AbstractHandlerMethodMapping$MappingRegistry:543] 
[INFO] 2018-06-05 12:30:19 - Mapped "{[/cms/webPage/menuPage]}" onto public zhibi.commons.response.JsonResult<zhibi.cms.domain.WebPage> zhibi.cms.controller.CmsWebPageController.menuPage(java.lang.String)  [main] [org.springframework.web.servlet.handler.AbstractHandlerMethodMapping$MappingRegistry:543] 
[INFO] 2018-06-05 12:30:19 - Mapped "{[/file/uploadFile]}" onto public void zhibi.cms.controller.HelpController.upload(javax.servlet.http.HttpServletResponse,org.springframework.web.multipart.MultipartFile[])  [main] [org.springframework.web.servlet.handler.AbstractHandlerMethodMapping$MappingRegistry:543] 
[INFO] 2018-06-05 12:30:19 - Mapped "{[/error]}" onto public org.springframework.http.ResponseEntity<java.util.Map<java.lang.String, java.lang.Object>> zhibi.frame.springBoot.exception.ErrorController.error(javax.servlet.http.HttpServletRequest)  [main] [org.springframework.web.servlet.handler.AbstractHandlerMethodMapping$MappingRegistry:543] 
[INFO] 2018-06-05 12:30:19 - Mapped "{[/error],produces=[text/html]}" onto public org.springframework.web.servlet.ModelAndView zhibi.frame.springBoot.exception.ErrorController.errorHtml(javax.servlet.http.HttpServletRequest,javax.servlet.http.HttpServletResponse)  [main] [org.springframework.web.servlet.handler.AbstractHandlerMethodMapping$MappingRegistry:543] 
[INFO] 2018-06-05 12:30:19 - Mapped "{[/]}" onto public java.lang.String jubaozhu.zxc.controller.IndexController.index()  [main] [org.springframework.web.servlet.handler.AbstractHandlerMethodMapping$MappingRegistry:543] 
[INFO] 2018-06-05 12:30:19 - Mapped URL path [/webjars/**] onto handler of type [class org.springframework.web.servlet.resource.ResourceHttpRequestHandler]  [main] [org.springframework.web.servlet.handler.AbstractUrlHandlerMapping:362] 
[INFO] 2018-06-05 12:30:19 - Mapped URL path [/**] onto handler of type [class org.springframework.web.servlet.resource.ResourceHttpRequestHandler]  [main] [org.springframework.web.servlet.handler.AbstractUrlHandlerMapping:362] 
[INFO] 2018-06-05 12:30:19 - Mapped URL path [/**/favicon.ico] onto handler of type [class org.springframework.web.servlet.resource.ResourceHttpRequestHandler]  [main] [org.springframework.web.servlet.handler.AbstractUrlHandlerMapping:362] 
[INFO] 2018-06-05 12:30:19 - Adding welcome page: class path resource [views/index.html]  [main] [org.springframework.boot.autoconfigure.web.WebMvcAutoConfiguration$WelcomePageHandlerMapping:549] 
[INFO] 2018-06-05 12:30:19 - ClassTemplateLoader for Spring macros added to FreeMarker configuration  [main] [org.springframework.web.servlet.view.freemarker.FreeMarkerConfigurer:127] 
[INFO] 2018-06-05 12:30:20 - Registering beans for JMX exposure on startup  [main] [org.springframework.jmx.export.MBeanExporter:431] 
[INFO] 2018-06-05 12:30:20 - Bean with name 'statFilter' has been autodetected for JMX exposure  [main] [org.springframework.jmx.export.MBeanExporter:916] 
[INFO] 2018-06-05 12:30:20 - Bean with name 'dataSource' has been autodetected for JMX exposure  [main] [org.springframework.jmx.export.MBeanExporter:916] 
[INFO] 2018-06-05 12:30:20 - Located MBean 'dataSource': registering with JMX server as MBean [com.alibaba.druid.spring.boot.autoconfigure:name=dataSource,type=DruidDataSourceWrapper]  [main] [org.springframework.jmx.export.MBeanExporter:671] 
[INFO] 2018-06-05 12:30:20 - Located MBean 'statFilter': registering with JMX server as MBean [com.alibaba.druid.filter.stat:name=statFilter,type=StatFilter]  [main] [org.springframework.jmx.export.MBeanExporter:671] 
[INFO] 2018-06-05 12:30:20 - Initializing ProtocolHandler ["http-nio-8999"]  [main] [org.apache.juli.logging.DirectJDKLog:179] 
[INFO] 2018-06-05 12:30:20 - Starting ProtocolHandler ["http-nio-8999"]  [main] [org.apache.juli.logging.DirectJDKLog:179] 
[INFO] 2018-06-05 12:30:20 - Using a shared selector for servlet write/read  [main] [org.apache.juli.logging.DirectJDKLog:179] 
[INFO] 2018-06-05 12:30:20 - Tomcat started on port(s): 8999 (http)  [main] [org.springframework.boot.context.embedded.tomcat.TomcatEmbeddedServletContainer:201] 
[INFO] 2018-06-05 12:30:20 - Started Application in 5.592 seconds (JVM running for 6.032)  [main] [org.springframework.boot.StartupInfoLogger:57] 
[INFO] 2018-06-05 12:30:41 - Initializing Spring FrameworkServlet 'dispatcherServlet'  [http-nio-8999-exec-3] [org.apache.juli.logging.DirectJDKLog:179] 
[INFO] 2018-06-05 12:30:41 - FrameworkServlet 'dispatcherServlet': initialization started  [http-nio-8999-exec-3] [org.springframework.web.servlet.FrameworkServlet:489] 
[INFO] 2018-06-05 12:30:41 - FrameworkServlet 'dispatcherServlet': initialization completed in 21 ms  [http-nio-8999-exec-3] [org.springframework.web.servlet.FrameworkServlet:508] 
[INFO] 2018-06-05 12:30:42 - {dataSource-1} inited  [http-nio-8999-exec-8] [com.alibaba.druid.pool.DruidDataSource:854] 
[INFO] 2018-06-05 12:31:54 - Starting Application on DESKTOP-2OL0R8K with PID 1856 (E:\project\zxc\target\classes started by kadou in E:\project\zxc)  [main] [org.springframework.boot.StartupInfoLogger:48] 
[INFO] 2018-06-05 12:31:54 - No active profile set, falling back to default profiles: default  [main] [org.springframework.boot.SpringApplication:593] 
[INFO] 2018-06-05 12:31:54 - Refreshing org.springframework.boot.context.embedded.AnnotationConfigEmbeddedWebApplicationContext@597290e8: startup date [Tue Jun 05 12:31:54 CST 2018]; root of context hierarchy  [main] [org.springframework.context.support.AbstractApplicationContext:583] 
[INFO] 2018-06-05 12:31:54 - HV000001: Hibernate Validator 5.3.5.Final  [background-preinit] [org.hibernate.validator.internal.util.Version:30] 
[INFO] 2018-06-05 12:31:55 - Tomcat initialized with port(s): 8999 (http)  [main] [org.springframework.boot.context.embedded.tomcat.TomcatEmbeddedServletContainer:89] 
[INFO] 2018-06-05 12:31:55 - Starting service [Tomcat]  [main] [org.apache.juli.logging.DirectJDKLog:179] 
[INFO] 2018-06-05 12:31:55 - Starting Servlet Engine: Apache Tomcat/8.5.15  [main] [org.apache.juli.logging.DirectJDKLog:179] 
[INFO] 2018-06-05 12:31:56 - Initializing Spring embedded WebApplicationContext  [localhost-startStop-1] [org.apache.juli.logging.DirectJDKLog:179] 
[INFO] 2018-06-05 12:31:56 - Root WebApplicationContext: initialization completed in 1871 ms  [localhost-startStop-1] [org.springframework.boot.context.embedded.EmbeddedWebApplicationContext:276] 
[INFO] 2018-06-05 12:31:56 - Mapping servlet: 'dispatcherServlet' to [/]  [localhost-startStop-1] [org.springframework.boot.web.servlet.ServletRegistrationBean:190] 
[INFO] 2018-06-05 12:31:56 - Mapping servlet: 'statViewServlet' to [/druid/*]  [localhost-startStop-1] [org.springframework.boot.web.servlet.ServletRegistrationBean:190] 
[INFO] 2018-06-05 12:31:56 - Mapping filter: 'characterEncodingFilter' to: [/*]  [localhost-startStop-1] [org.springframework.boot.web.servlet.AbstractFilterRegistrationBean:258] 
[INFO] 2018-06-05 12:31:56 - Mapping filter: 'hiddenHttpMethodFilter' to: [/*]  [localhost-startStop-1] [org.springframework.boot.web.servlet.AbstractFilterRegistrationBean:258] 
[INFO] 2018-06-05 12:31:56 - Mapping filter: 'httpPutFormContentFilter' to: [/*]  [localhost-startStop-1] [org.springframework.boot.web.servlet.AbstractFilterRegistrationBean:258] 
[INFO] 2018-06-05 12:31:56 - Mapping filter: 'requestContextFilter' to: [/*]  [localhost-startStop-1] [org.springframework.boot.web.servlet.AbstractFilterRegistrationBean:258] 
[INFO] 2018-06-05 12:31:56 - Mapping filter: 'webStatFilter' to urls: [/*]  [localhost-startStop-1] [org.springframework.boot.web.servlet.AbstractFilterRegistrationBean:271] 
[INFO] 2018-06-05 12:31:58 - Looking for @ControllerAdvice: org.springframework.boot.context.embedded.AnnotationConfigEmbeddedWebApplicationContext@597290e8: startup date [Tue Jun 05 12:31:54 CST 2018]; root of context hierarchy  [main] [org.springframework.web.servlet.mvc.method.annotation.RequestMappingHandlerAdapter:534] 
[INFO] 2018-06-05 12:31:58 - Mapped "{[/cms/admin/article/add],methods=[POST]}" onto public java.lang.String zhibi.cms.controller.admin.CmsAdminArticleController.add(zhibi.cms.domain.Article,org.springframework.web.multipart.MultipartFile)  [main] [org.springframework.web.servlet.handler.AbstractHandlerMethodMapping$MappingRegistry:543] 
[INFO] 2018-06-05 12:31:58 - Mapped "{[/cms/admin/article/add],methods=[GET]}" onto public java.lang.String zhibi.cms.controller.admin.CmsAdminArticleController.add(org.springframework.ui.Model)  [main] [org.springframework.web.servlet.handler.AbstractHandlerMethodMapping$MappingRegistry:543] 
[INFO] 2018-06-05 12:31:58 - Mapped "{[/cms/admin/article/list]}" onto public java.lang.String zhibi.cms.controller.admin.CmsAdminArticleController.list(org.springframework.ui.Model,zhibi.frame.domain.Page,zhibi.cms.extra.pojo.ArticlePo)  [main] [org.springframework.web.servlet.handler.AbstractHandlerMethodMapping$MappingRegistry:543] 
[INFO] 2018-06-05 12:31:58 - Mapped "{[/cms/admin/article/update],methods=[POST]}" onto public java.lang.String zhibi.cms.controller.admin.CmsAdminArticleController.update(zhibi.cms.domain.Article,org.springframework.web.multipart.MultipartFile)  [main] [org.springframework.web.servlet.handler.AbstractHandlerMethodMapping$MappingRegistry:543] 
[INFO] 2018-06-05 12:31:58 - Mapped "{[/cms/admin/article/updateStatus/{id}]}" onto public java.lang.String zhibi.cms.controller.admin.CmsAdminArticleController.updateStatus(java.lang.String)  [main] [org.springframework.web.servlet.handler.AbstractHandlerMethodMapping$MappingRegistry:543] 
[INFO] 2018-06-05 12:31:58 - Mapped "{[/cms/admin/article/edit/{id}],methods=[GET]}" onto public java.lang.String zhibi.cms.controller.admin.CmsAdminArticleController.edit(org.springframework.ui.Model,java.lang.String)  [main] [org.springframework.web.servlet.handler.AbstractHandlerMethodMapping$MappingRegistry:543] 
[INFO] 2018-06-05 12:31:58 - Mapped "{[/cms/admin/article/del/{id}]}" onto public java.lang.String zhibi.cms.controller.admin.CmsAdminArticleController.del(java.lang.String)  [main] [org.springframework.web.servlet.handler.AbstractHandlerMethodMapping$MappingRegistry:543] 
[INFO] 2018-06-05 12:31:58 - Mapped "{[/cms/admin/index]}" onto public java.lang.String zhibi.cms.controller.admin.CmsAdminController.index()  [main] [org.springframework.web.servlet.handler.AbstractHandlerMethodMapping$MappingRegistry:543] 
[INFO] 2018-06-05 12:31:58 - Mapped "{[/cms/admin/login],methods=[GET]}" onto public java.lang.String zhibi.cms.controller.admin.CmsAdminController.login()  [main] [org.springframework.web.servlet.handler.AbstractHandlerMethodMapping$MappingRegistry:543] 
[INFO] 2018-06-05 12:31:58 - Mapped "{[/cms/admin/login],methods=[POST]}" onto public java.lang.String zhibi.cms.controller.admin.CmsAdminController.login(java.lang.String,java.lang.String,org.springframework.ui.Model)  [main] [org.springframework.web.servlet.handler.AbstractHandlerMethodMapping$MappingRegistry:543] 
[INFO] 2018-06-05 12:31:58 - Mapped "{[/cms/admin/welcome]}" onto public java.lang.String zhibi.cms.controller.admin.CmsAdminController.welcome()  [main] [org.springframework.web.servlet.handler.AbstractHandlerMethodMapping$MappingRegistry:543] 
[INFO] 2018-06-05 12:31:58 - Mapped "{[/cms/admin/logout]}" onto public java.lang.String zhibi.cms.controller.admin.CmsAdminController.logout()  [main] [org.springframework.web.servlet.handler.AbstractHandlerMethodMapping$MappingRegistry:543] 
[INFO] 2018-06-05 12:31:58 - Mapped "{[/cms/admin/menu/add],methods=[POST]}" onto public java.lang.String zhibi.cms.controller.admin.CmsAdminMenuController.add(zhibi.cms.domain.Menu,org.springframework.web.multipart.MultipartFile)  [main] [org.springframework.web.servlet.handler.AbstractHandlerMethodMapping$MappingRegistry:543] 
[INFO] 2018-06-05 12:31:58 - Mapped "{[/cms/admin/menu/add],methods=[GET]}" onto public java.lang.String zhibi.cms.controller.admin.CmsAdminMenuController.add(org.springframework.ui.Model)  [main] [org.springframework.web.servlet.handler.AbstractHandlerMethodMapping$MappingRegistry:543] 
[INFO] 2018-06-05 12:31:58 - Mapped "{[/cms/admin/menu/list]}" onto public java.lang.String zhibi.cms.controller.admin.CmsAdminMenuController.list(org.springframework.ui.Model,zhibi.frame.domain.Page,zhibi.cms.extra.pojo.MenuPo)  [main] [org.springframework.web.servlet.handler.AbstractHandlerMethodMapping$MappingRegistry:543] 
[INFO] 2018-06-05 12:31:58 - Mapped "{[/cms/admin/menu/update],methods=[POST]}" onto public java.lang.String zhibi.cms.controller.admin.CmsAdminMenuController.update(zhibi.cms.domain.Menu,org.springframework.web.multipart.MultipartFile)  [main] [org.springframework.web.servlet.handler.AbstractHandlerMethodMapping$MappingRegistry:543] 
[INFO] 2018-06-05 12:31:58 - Mapped "{[/cms/admin/menu/updateStatus/{id}]}" onto public java.lang.String zhibi.cms.controller.admin.CmsAdminMenuController.updateStatus(java.lang.String)  [main] [org.springframework.web.servlet.handler.AbstractHandlerMethodMapping$MappingRegistry:543] 
[INFO] 2018-06-05 12:31:58 - Mapped "{[/cms/admin/menu/edit/{id}],methods=[GET]}" onto public java.lang.String zhibi.cms.controller.admin.CmsAdminMenuController.edit(org.springframework.ui.Model,java.lang.String)  [main] [org.springframework.web.servlet.handler.AbstractHandlerMethodMapping$MappingRegistry:543] 
[INFO] 2018-06-05 12:31:58 - Mapped "{[/cms/admin/menu/del/{id}]}" onto public java.lang.String zhibi.cms.controller.admin.CmsAdminMenuController.del(java.lang.String)  [main] [org.springframework.web.servlet.handler.AbstractHandlerMethodMapping$MappingRegistry:543] 
[INFO] 2018-06-05 12:31:58 - Mapped "{[/cms/admin/pic/add],methods=[POST]}" onto public java.lang.String zhibi.cms.controller.admin.CmsAdminPicController.add(zhibi.cms.domain.Pic,org.springframework.web.multipart.MultipartFile)  [main] [org.springframework.web.servlet.handler.AbstractHandlerMethodMapping$MappingRegistry:543] 
[INFO] 2018-06-05 12:31:58 - Mapped "{[/cms/admin/pic/add],methods=[GET]}" onto public java.lang.String zhibi.cms.controller.admin.CmsAdminPicController.add(org.springframework.ui.Model)  [main] [org.springframework.web.servlet.handler.AbstractHandlerMethodMapping$MappingRegistry:543] 
[INFO] 2018-06-05 12:31:58 - Mapped "{[/cms/admin/pic/list]}" onto public java.lang.String zhibi.cms.controller.admin.CmsAdminPicController.list(org.springframework.ui.Model,zhibi.frame.domain.Page,zhibi.cms.extra.pojo.PicPo)  [main] [org.springframework.web.servlet.handler.AbstractHandlerMethodMapping$MappingRegistry:543] 
[INFO] 2018-06-05 12:31:58 - Mapped "{[/cms/admin/pic/update],methods=[POST]}" onto public java.lang.String zhibi.cms.controller.admin.CmsAdminPicController.update(zhibi.cms.domain.Pic,org.springframework.web.multipart.MultipartFile)  [main] [org.springframework.web.servlet.handler.AbstractHandlerMethodMapping$MappingRegistry:543] 
[INFO] 2018-06-05 12:31:58 - Mapped "{[/cms/admin/pic/updateStatus/{id}]}" onto public java.lang.String zhibi.cms.controller.admin.CmsAdminPicController.updateStatus(java.lang.String)  [main] [org.springframework.web.servlet.handler.AbstractHandlerMethodMapping$MappingRegistry:543] 
[INFO] 2018-06-05 12:31:58 - Mapped "{[/cms/admin/pic/edit/{id}],methods=[GET]}" onto public java.lang.String zhibi.cms.controller.admin.CmsAdminPicController.edit(org.springframework.ui.Model,java.lang.String)  [main] [org.springframework.web.servlet.handler.AbstractHandlerMethodMapping$MappingRegistry:543] 
[INFO] 2018-06-05 12:31:58 - Mapped "{[/cms/admin/pic/del/{id}]}" onto public java.lang.String zhibi.cms.controller.admin.CmsAdminPicController.del(java.lang.String)  [main] [org.springframework.web.servlet.handler.AbstractHandlerMethodMapping$MappingRegistry:543] 
[INFO] 2018-06-05 12:31:58 - Mapped "{[/cms/admin/site/add],methods=[POST]}" onto public java.lang.String zhibi.cms.controller.admin.CmsAdminSiteController.add(zhibi.cms.domain.Site)  [main] [org.springframework.web.servlet.handler.AbstractHandlerMethodMapping$MappingRegistry:543] 
[INFO] 2018-06-05 12:31:58 - Mapped "{[/cms/admin/site/add],methods=[GET]}" onto public java.lang.String zhibi.cms.controller.admin.CmsAdminSiteController.add(org.springframework.ui.Model)  [main] [org.springframework.web.servlet.handler.AbstractHandlerMethodMapping$MappingRegistry:543] 
[INFO] 2018-06-05 12:31:58 - Mapped "{[/cms/admin/site/list]}" onto public java.lang.String zhibi.cms.controller.admin.CmsAdminSiteController.list(org.springframework.ui.Model,zhibi.frame.domain.Page,zhibi.cms.extra.pojo.SitePo)  [main] [org.springframework.web.servlet.handler.AbstractHandlerMethodMapping$MappingRegistry:543] 
[INFO] 2018-06-05 12:31:58 - Mapped "{[/cms/admin/site/update],methods=[POST]}" onto public java.lang.String zhibi.cms.controller.admin.CmsAdminSiteController.update(zhibi.cms.domain.Site)  [main] [org.springframework.web.servlet.handler.AbstractHandlerMethodMapping$MappingRegistry:543] 
[INFO] 2018-06-05 12:31:58 - Mapped "{[/cms/admin/site/updateStatus/{id}]}" onto public java.lang.String zhibi.cms.controller.admin.CmsAdminSiteController.updateStatus(java.lang.String)  [main] [org.springframework.web.servlet.handler.AbstractHandlerMethodMapping$MappingRegistry:543] 
[INFO] 2018-06-05 12:31:58 - Mapped "{[/cms/admin/site/edit/{id}],methods=[GET]}" onto public java.lang.String zhibi.cms.controller.admin.CmsAdminSiteController.edit(org.springframework.ui.Model,java.lang.String)  [main] [org.springframework.web.servlet.handler.AbstractHandlerMethodMapping$MappingRegistry:543] 
[INFO] 2018-06-05 12:31:58 - Mapped "{[/cms/admin/site/del/{id}]}" onto public java.lang.String zhibi.cms.controller.admin.CmsAdminSiteController.del(java.lang.String)  [main] [org.springframework.web.servlet.handler.AbstractHandlerMethodMapping$MappingRegistry:543] 
[INFO] 2018-06-05 12:31:58 - Mapped "{[/cms/admin/webpage/add],methods=[POST]}" onto public java.lang.String zhibi.cms.controller.admin.CmsAdminWebPageController.add(zhibi.cms.domain.WebPage)  [main] [org.springframework.web.servlet.handler.AbstractHandlerMethodMapping$MappingRegistry:543] 
[INFO] 2018-06-05 12:31:58 - Mapped "{[/cms/admin/webpage/add],methods=[GET]}" onto public java.lang.String zhibi.cms.controller.admin.CmsAdminWebPageController.add(org.springframework.ui.Model)  [main] [org.springframework.web.servlet.handler.AbstractHandlerMethodMapping$MappingRegistry:543] 
[INFO] 2018-06-05 12:31:58 - Mapped "{[/cms/admin/webpage/list]}" onto public java.lang.String zhibi.cms.controller.admin.CmsAdminWebPageController.list(org.springframework.ui.Model,zhibi.frame.domain.Page,zhibi.cms.extra.pojo.WebPagePo)  [main] [org.springframework.web.servlet.handler.AbstractHandlerMethodMapping$MappingRegistry:543] 
[INFO] 2018-06-05 12:31:58 - Mapped "{[/cms/admin/webpage/update],methods=[POST]}" onto public java.lang.String zhibi.cms.controller.admin.CmsAdminWebPageController.update(zhibi.cms.domain.WebPage)  [main] [org.springframework.web.servlet.handler.AbstractHandlerMethodMapping$MappingRegistry:543] 
[INFO] 2018-06-05 12:31:58 - Mapped "{[/cms/admin/webpage/edit/{id}],methods=[GET]}" onto public java.lang.String zhibi.cms.controller.admin.CmsAdminWebPageController.edit(org.springframework.ui.Model,java.lang.String)  [main] [org.springframework.web.servlet.handler.AbstractHandlerMethodMapping$MappingRegistry:543] 
[INFO] 2018-06-05 12:31:58 - Mapped "{[/cms/admin/webpage/del/{id}]}" onto public java.lang.String zhibi.cms.controller.admin.CmsAdminWebPageController.del(java.lang.String)  [main] [org.springframework.web.servlet.handler.AbstractHandlerMethodMapping$MappingRegistry:543] 
[INFO] 2018-06-05 12:31:58 - Mapped "{[/cms/article/listBySite]}" onto public zhibi.commons.response.JsonResult<com.github.pagehelper.PageInfo<zhibi.cms.extra.pojo.ArticlePo>> zhibi.cms.controller.CmsArticleController.listBySite(java.lang.String,zhibi.frame.domain.Page)  [main] [org.springframework.web.servlet.handler.AbstractHandlerMethodMapping$MappingRegistry:543] 
[INFO] 2018-06-05 12:31:58 - Mapped "{[/cms/article/findById]}" onto public zhibi.commons.response.JsonResult<zhibi.cms.domain.Article> zhibi.cms.controller.CmsArticleController.findById(java.lang.String)  [main] [org.springframework.web.servlet.handler.AbstractHandlerMethodMapping$MappingRegistry:543] 
[INFO] 2018-06-05 12:31:58 - Mapped "{[/cms/menu/allMenu]}" onto public zhibi.commons.response.JsonResult<java.util.List<zhibi.commons.tree.Tree<zhibi.cms.domain.Menu>>> zhibi.cms.controller.CmsMenuController.allMenu()  [main] [org.springframework.web.servlet.handler.AbstractHandlerMethodMapping$MappingRegistry:543] 
[INFO] 2018-06-05 12:31:58 - Mapped "{[/cms/menu/pageMenu]}" onto public zhibi.commons.response.JsonResult<java.util.Map<java.lang.String, java.lang.Object>> zhibi.cms.controller.CmsMenuController.pageMenu(java.lang.String,java.lang.String)  [main] [org.springframework.web.servlet.handler.AbstractHandlerMethodMapping$MappingRegistry:543] 
[INFO] 2018-06-05 12:31:58 - Mapped "{[/cms/pic/siteFlag]}" onto public zhibi.commons.response.JsonResult<zhibi.cms.extra.pojo.PicPo> zhibi.cms.controller.CmsPicController.siteFlag(java.lang.String,java.lang.String)  [main] [org.springframework.web.servlet.handler.AbstractHandlerMethodMapping$MappingRegistry:543] 
[INFO] 2018-06-05 12:31:58 - Mapped "{[/cms/webPage/menuPage]}" onto public zhibi.commons.response.JsonResult<zhibi.cms.domain.WebPage> zhibi.cms.controller.CmsWebPageController.menuPage(java.lang.String)  [main] [org.springframework.web.servlet.handler.AbstractHandlerMethodMapping$MappingRegistry:543] 
[INFO] 2018-06-05 12:31:58 - Mapped "{[/file/uploadFile]}" onto public void zhibi.cms.controller.HelpController.upload(javax.servlet.http.HttpServletResponse,org.springframework.web.multipart.MultipartFile[])  [main] [org.springframework.web.servlet.handler.AbstractHandlerMethodMapping$MappingRegistry:543] 
[INFO] 2018-06-05 12:31:58 - Mapped "{[/error]}" onto public org.springframework.http.ResponseEntity<java.util.Map<java.lang.String, java.lang.Object>> zhibi.frame.springBoot.exception.ErrorController.error(javax.servlet.http.HttpServletRequest)  [main] [org.springframework.web.servlet.handler.AbstractHandlerMethodMapping$MappingRegistry:543] 
[INFO] 2018-06-05 12:31:58 - Mapped "{[/error],produces=[text/html]}" onto public org.springframework.web.servlet.ModelAndView zhibi.frame.springBoot.exception.ErrorController.errorHtml(javax.servlet.http.HttpServletRequest,javax.servlet.http.HttpServletResponse)  [main] [org.springframework.web.servlet.handler.AbstractHandlerMethodMapping$MappingRegistry:543] 
[INFO] 2018-06-05 12:31:58 - Mapped "{[/]}" onto public java.lang.String jubaozhu.zxc.controller.IndexController.index()  [main] [org.springframework.web.servlet.handler.AbstractHandlerMethodMapping$MappingRegistry:543] 
[INFO] 2018-06-05 12:31:58 - Mapped URL path [/webjars/**] onto handler of type [class org.springframework.web.servlet.resource.ResourceHttpRequestHandler]  [main] [org.springframework.web.servlet.handler.AbstractUrlHandlerMapping:362] 
[INFO] 2018-06-05 12:31:58 - Mapped URL path [/**] onto handler of type [class org.springframework.web.servlet.resource.ResourceHttpRequestHandler]  [main] [org.springframework.web.servlet.handler.AbstractUrlHandlerMapping:362] 
[INFO] 2018-06-05 12:31:58 - Mapped URL path [/**/favicon.ico] onto handler of type [class org.springframework.web.servlet.resource.ResourceHttpRequestHandler]  [main] [org.springframework.web.servlet.handler.AbstractUrlHandlerMapping:362] 
[INFO] 2018-06-05 12:31:58 - Adding welcome page: class path resource [views/index.html]  [main] [org.springframework.boot.autoconfigure.web.WebMvcAutoConfiguration$WelcomePageHandlerMapping:549] 
[INFO] 2018-06-05 12:31:58 - ClassTemplateLoader for Spring macros added to FreeMarker configuration  [main] [org.springframework.web.servlet.view.freemarker.FreeMarkerConfigurer:127] 
[INFO] 2018-06-05 12:31:59 - Registering beans for JMX exposure on startup  [main] [org.springframework.jmx.export.MBeanExporter:431] 
[INFO] 2018-06-05 12:31:59 - Bean with name 'statFilter' has been autodetected for JMX exposure  [main] [org.springframework.jmx.export.MBeanExporter:916] 
[INFO] 2018-06-05 12:31:59 - Bean with name 'dataSource' has been autodetected for JMX exposure  [main] [org.springframework.jmx.export.MBeanExporter:916] 
[INFO] 2018-06-05 12:31:59 - Located MBean 'dataSource': registering with JMX server as MBean [com.alibaba.druid.spring.boot.autoconfigure:name=dataSource,type=DruidDataSourceWrapper]  [main] [org.springframework.jmx.export.MBeanExporter:671] 
[INFO] 2018-06-05 12:31:59 - Located MBean 'statFilter': registering with JMX server as MBean [com.alibaba.druid.filter.stat:name=statFilter,type=StatFilter]  [main] [org.springframework.jmx.export.MBeanExporter:671] 
[INFO] 2018-06-05 12:31:59 - Initializing ProtocolHandler ["http-nio-8999"]  [main] [org.apache.juli.logging.DirectJDKLog:179] 
[INFO] 2018-06-05 12:31:59 - Starting ProtocolHandler ["http-nio-8999"]  [main] [org.apache.juli.logging.DirectJDKLog:179] 
[INFO] 2018-06-05 12:31:59 - Using a shared selector for servlet write/read  [main] [org.apache.juli.logging.DirectJDKLog:179] 
[INFO] 2018-06-05 12:31:59 - Tomcat started on port(s): 8999 (http)  [main] [org.springframework.boot.context.embedded.tomcat.TomcatEmbeddedServletContainer:201] 
[INFO] 2018-06-05 12:31:59 - Started Application in 5.526 seconds (JVM running for 5.958)  [main] [org.springframework.boot.StartupInfoLogger:57] 
[INFO] 2018-06-05 12:32:07 - Initializing Spring FrameworkServlet 'dispatcherServlet'  [http-nio-8999-exec-1] [org.apache.juli.logging.DirectJDKLog:179] 
[INFO] 2018-06-05 12:32:07 - FrameworkServlet 'dispatcherServlet': initialization started  [http-nio-8999-exec-1] [org.springframework.web.servlet.FrameworkServlet:489] 
[INFO] 2018-06-05 12:32:07 - FrameworkServlet 'dispatcherServlet': initialization completed in 16 ms  [http-nio-8999-exec-1] [org.springframework.web.servlet.FrameworkServlet:508] 
[INFO] 2018-06-05 12:32:08 - {dataSource-1} inited  [http-nio-8999-exec-6] [com.alibaba.druid.pool.DruidDataSource:854] 
