[WARN] 2018-04-26 15:00:55 - Cannot find template location(s): [classpath:/templates/] (please add some templates, check your FreeMarker configuration, or set spring.freemarker.checkTemplateLocation=false)  [main] [org.springframework.boot.autoconfigure.freemarker.FreeMarkerAutoConfiguration:93] 
[WARN] 2018-04-26 15:01:36 - No mapping found for HTTP request with URI [/yuhan/index] in DispatcherServlet with name 'dispatcherServlet'  [http-nio-8999-exec-1] [org.springframework.web.servlet.DispatcherServlet:1176] 
[WARN] 2018-04-26 15:02:10 - Cannot find template location(s): [classpath:/templates/] (please add some templates, check your FreeMarker configuration, or set spring.freemarker.checkTemplateLocation=false)  [main] [org.springframework.boot.autoconfigure.freemarker.FreeMarkerAutoConfiguration:93] 
[WARN] 2018-04-26 15:02:55 - No mapping found for HTTP request with URI [/yuhan/index] in DispatcherServlet with name 'dispatcherServlet'  [http-nio-8999-exec-3] [org.springframework.web.servlet.DispatcherServlet:1176] 
[WARN] 2018-04-26 15:06:22 - No mapping found for HTTP request with URI [/yuhan/index] in DispatcherServlet with name 'dispatcherServlet'  [http-nio-8999-exec-10] [org.springframework.web.servlet.DispatcherServlet:1176] 
[WARN] 2018-04-26 15:06:38 - No mapping found for HTTP request with URI [/yuhan/aaa] in DispatcherServlet with name 'dispatcherServlet'  [http-nio-8999-exec-6] [org.springframework.web.servlet.DispatcherServlet:1176] 
[WARN] 2018-04-26 15:06:47 - No mapping found for HTTP request with URI [/yuhan/aaa.html] in DispatcherServlet with name 'dispatcherServlet'  [http-nio-8999-exec-2] [org.springframework.web.servlet.DispatcherServlet:1176] 
[WARN] 2018-04-26 15:06:52 - No mapping found for HTTP request with URI [/yuhan/aaa.html] in DispatcherServlet with name 'dispatcherServlet'  [http-nio-8999-exec-8] [org.springframework.web.servlet.DispatcherServlet:1176] 
[WARN] 2018-04-26 15:08:25 - No mapping found for HTTP request with URI [/yuhan/aaa] in DispatcherServlet with name 'dispatcherServlet'  [http-nio-8999-exec-1] [org.springframework.web.servlet.DispatcherServlet:1176] 
[WARN] 2018-04-26 15:08:44 - No mapping found for HTTP request with URI [/yuhan/aaa] in DispatcherServlet with name 'dispatcherServlet'  [http-nio-8999-exec-10] [org.springframework.web.servlet.DispatcherServlet:1176] 
[WARN] 2018-04-26 15:11:13 - No mapping found for HTTP request with URI [/yuhan/aaa] in DispatcherServlet with name 'dispatcherServlet'  [http-nio-8999-exec-4] [org.springframework.web.servlet.DispatcherServlet:1176] 
[WARN] 2018-04-26 15:19:42 - No mapping found for HTTP request with URI [/yuhan/aaa] in DispatcherServlet with name 'dispatcherServlet'  [http-nio-8999-exec-2] [org.springframework.web.servlet.DispatcherServlet:1176] 
[WARN] 2018-04-26 15:20:25 - No mapping found for HTTP request with URI [/yuhan/aaa] in DispatcherServlet with name 'dispatcherServlet'  [http-nio-8999-exec-6] [org.springframework.web.servlet.DispatcherServlet:1176] 
[WARN] 2018-04-26 15:22:23 - No mapping found for HTTP request with URI [/yuhan/js/jquery.min.js] in DispatcherServlet with name 'dispatcherServlet'  [http-nio-8999-exec-6] [org.springframework.web.servlet.DispatcherServlet:1176] 
[WARN] 2018-04-26 15:22:23 - No mapping found for HTTP request with URI [/yuhan/js/chrome.js] in DispatcherServlet with name 'dispatcherServlet'  [http-nio-8999-exec-7] [org.springframework.web.servlet.DispatcherServlet:1176] 
[WARN] 2018-04-26 15:22:23 - No mapping found for HTTP request with URI [/yuhan/js/mfcsmoothmenu.css] in DispatcherServlet with name 'dispatcherServlet'  [http-nio-8999-exec-10] [org.springframework.web.servlet.DispatcherServlet:1176] 
[WARN] 2018-04-26 15:22:23 - No mapping found for HTTP request with URI [/yuhan/js/zoom.js] in DispatcherServlet with name 'dispatcherServlet'  [http-nio-8999-exec-8] [org.springframework.web.servlet.DispatcherServlet:1176] 
[WARN] 2018-04-26 15:22:23 - No mapping found for HTTP request with URI [/yuhan/js/chromestyle.css] in DispatcherServlet with name 'dispatcherServlet'  [http-nio-8999-exec-2] [org.springframework.web.servlet.DispatcherServlet:1176] 
[WARN] 2018-04-26 15:22:23 - No mapping found for HTTP request with URI [/yuhan/css/style_s.css] in DispatcherServlet with name 'dispatcherServlet'  [http-nio-8999-exec-3] [org.springframework.web.servlet.DispatcherServlet:1176] 
[WARN] 2018-04-26 15:22:23 - No mapping found for HTTP request with URI [/yuhan/js/common.js] in DispatcherServlet with name 'dispatcherServlet'  [http-nio-8999-exec-2] [org.springframework.web.servlet.DispatcherServlet:1176] 
[WARN] 2018-04-26 15:22:23 - No mapping found for HTTP request with URI [/yuhan/js/mfcsmoothmenu.js] in DispatcherServlet with name 'dispatcherServlet'  [http-nio-8999-exec-9] [org.springframework.web.servlet.DispatcherServlet:1176] 
[WARN] 2018-04-26 15:22:23 - No mapping found for HTTP request with URI [/yuhan/img/index_about.jpg] in DispatcherServlet with name 'dispatcherServlet'  [http-nio-8999-exec-4] [org.springframework.web.servlet.DispatcherServlet:1176] 
[WARN] 2018-04-26 15:22:23 - No mapping found for HTTP request with URI [/yuhan/img/logo.png] in DispatcherServlet with name 'dispatcherServlet'  [http-nio-8999-exec-5] [org.springframework.web.servlet.DispatcherServlet:1176] 
[WARN] 2018-04-26 15:22:23 - No mapping found for HTTP request with URI [/yuhan/img/index02_21.gif] in DispatcherServlet with name 'dispatcherServlet'  [http-nio-8999-exec-5] [org.springframework.web.servlet.DispatcherServlet:1176] 
[WARN] 2018-04-26 15:22:23 - No mapping found for HTTP request with URI [/yuhan/img/mune/home.gif] in DispatcherServlet with name 'dispatcherServlet'  [http-nio-8999-exec-1] [org.springframework.web.servlet.DispatcherServlet:1176] 
[WARN] 2018-04-26 15:22:23 - No mapping found for HTTP request with URI [/yuhan/img/index_banner.jpg] in DispatcherServlet with name 'dispatcherServlet'  [http-nio-8999-exec-1] [org.springframework.web.servlet.DispatcherServlet:1176] 
[WARN] 2018-04-26 15:22:23 - No mapping found for HTTP request with URI [/yuhan/img/index02_43.gif] in DispatcherServlet with name 'dispatcherServlet'  [http-nio-8999-exec-1] [org.springframework.web.servlet.DispatcherServlet:1176] 
[WARN] 2018-04-26 15:22:23 - No mapping found for HTTP request with URI [/yuhan/img/index_lx.jpg] in DispatcherServlet with name 'dispatcherServlet'  [http-nio-8999-exec-1] [org.springframework.web.servlet.DispatcherServlet:1176] 
[WARN] 2018-04-26 15:22:23 - No mapping found for HTTP request with URI [/yuhan/img/spaer.gif] in DispatcherServlet with name 'dispatcherServlet'  [http-nio-8999-exec-5] [org.springframework.web.servlet.DispatcherServlet:1176] 
[WARN] 2018-04-26 15:22:23 - No mapping found for HTTP request with URI [/yuhan/img/index_news.jpg] in DispatcherServlet with name 'dispatcherServlet'  [http-nio-8999-exec-5] [org.springframework.web.servlet.DispatcherServlet:1176] 
[WARN] 2018-04-26 15:22:23 - No mapping found for HTTP request with URI [/yuhan/js/zoom.js] in DispatcherServlet with name 'dispatcherServlet'  [http-nio-8999-exec-3] [org.springframework.web.servlet.DispatcherServlet:1176] 
[WARN] 2018-04-26 15:22:23 - No mapping found for HTTP request with URI [/yuhan/js/jquery.min.js] in DispatcherServlet with name 'dispatcherServlet'  [http-nio-8999-exec-4] [org.springframework.web.servlet.DispatcherServlet:1176] 
[WARN] 2018-04-26 15:22:23 - No mapping found for HTTP request with URI [/yuhan/js/mfcsmoothmenu.js] in DispatcherServlet with name 'dispatcherServlet'  [http-nio-8999-exec-1] [org.springframework.web.servlet.DispatcherServlet:1176] 
[WARN] 2018-04-26 15:22:23 - No mapping found for HTTP request with URI [/yuhan/img/logo.png] in DispatcherServlet with name 'dispatcherServlet'  [http-nio-8999-exec-5] [org.springframework.web.servlet.DispatcherServlet:1176] 
[WARN] 2018-04-26 15:22:23 - No mapping found for HTTP request with URI [/yuhan/img/index_banner.jpg] in DispatcherServlet with name 'dispatcherServlet'  [http-nio-8999-exec-2] [org.springframework.web.servlet.DispatcherServlet:1176] 
[WARN] 2018-04-26 15:22:23 - No mapping found for HTTP request with URI [/yuhan/img/mune/home.gif] in DispatcherServlet with name 'dispatcherServlet'  [http-nio-8999-exec-10] [org.springframework.web.servlet.DispatcherServlet:1176] 
[WARN] 2018-04-26 15:22:24 - No mapping found for HTTP request with URI [/yuhan/img/spaer.gif] in DispatcherServlet with name 'dispatcherServlet'  [http-nio-8999-exec-6] [org.springframework.web.servlet.DispatcherServlet:1176] 
[WARN] 2018-04-26 15:22:24 - No mapping found for HTTP request with URI [/yuhan/img/index02_21.gif] in DispatcherServlet with name 'dispatcherServlet'  [http-nio-8999-exec-6] [org.springframework.web.servlet.DispatcherServlet:1176] 
[WARN] 2018-04-26 15:22:24 - No mapping found for HTTP request with URI [/yuhan/img/index_about.jpg] in DispatcherServlet with name 'dispatcherServlet'  [http-nio-8999-exec-6] [org.springframework.web.servlet.DispatcherServlet:1176] 
[WARN] 2018-04-26 15:22:24 - No mapping found for HTTP request with URI [/yuhan/img/index_news.jpg] in DispatcherServlet with name 'dispatcherServlet'  [http-nio-8999-exec-6] [org.springframework.web.servlet.DispatcherServlet:1176] 
[WARN] 2018-04-26 15:22:24 - No mapping found for HTTP request with URI [/yuhan/img/index_lx.jpg] in DispatcherServlet with name 'dispatcherServlet'  [http-nio-8999-exec-6] [org.springframework.web.servlet.DispatcherServlet:1176] 
[WARN] 2018-04-26 15:22:24 - No mapping found for HTTP request with URI [/yuhan/img/index02_43.gif] in DispatcherServlet with name 'dispatcherServlet'  [http-nio-8999-exec-6] [org.springframework.web.servlet.DispatcherServlet:1176] 
[WARN] 2018-04-26 15:22:24 - No mapping found for HTTP request with URI [/yuhan/js/common.js] in DispatcherServlet with name 'dispatcherServlet'  [http-nio-8999-exec-9] [org.springframework.web.servlet.DispatcherServlet:1176] 
[WARN] 2018-04-26 15:22:24 - No mapping found for HTTP request with URI [/yuhan/img/mune/home_o.gif] in DispatcherServlet with name 'dispatcherServlet'  [http-nio-8999-exec-5] [org.springframework.web.servlet.DispatcherServlet:1176] 
[WARN] 2018-04-26 15:22:24 - No mapping found for HTTP request with URI [/yuhan/img/mune/care_o.gif] in DispatcherServlet with name 'dispatcherServlet'  [http-nio-8999-exec-2] [org.springframework.web.servlet.DispatcherServlet:1176] 
[WARN] 2018-04-26 15:22:24 - No mapping found for HTTP request with URI [/yuhan/img/mune/product_o.gif] in DispatcherServlet with name 'dispatcherServlet'  [http-nio-8999-exec-2] [org.springframework.web.servlet.DispatcherServlet:1176] 
[WARN] 2018-04-26 15:22:24 - No mapping found for HTTP request with URI [/yuhan/img/mune/cope_o.gif] in DispatcherServlet with name 'dispatcherServlet'  [http-nio-8999-exec-10] [org.springframework.web.servlet.DispatcherServlet:1176] 
[WARN] 2018-04-26 15:22:24 - No mapping found for HTTP request with URI [/yuhan/img/mune/careers_o.gif] in DispatcherServlet with name 'dispatcherServlet'  [http-nio-8999-exec-10] [org.springframework.web.servlet.DispatcherServlet:1176] 
[WARN] 2018-04-26 15:22:24 - No mapping found for HTTP request with URI [/yuhan/img/mune/contact_o.gif] in DispatcherServlet with name 'dispatcherServlet'  [http-nio-8999-exec-6] [org.springframework.web.servlet.DispatcherServlet:1176] 
[WARN] 2018-04-26 15:22:24 - No mapping found for HTTP request with URI [/yuhan/img/mune/about_o.gif] in DispatcherServlet with name 'dispatcherServlet'  [http-nio-8999-exec-5] [org.springframework.web.servlet.DispatcherServlet:1176] 
[WARN] 2018-04-26 15:23:42 - No mapping found for HTTP request with URI [/js/chromestyle.css] in DispatcherServlet with name 'dispatcherServlet'  [http-nio-8999-exec-7] [org.springframework.web.servlet.DispatcherServlet:1176] 
[WARN] 2018-04-26 15:23:42 - No mapping found for HTTP request with URI [/js/mfcsmoothmenu.js] in DispatcherServlet with name 'dispatcherServlet'  [http-nio-8999-exec-7] [org.springframework.web.servlet.DispatcherServlet:1176] 
[WARN] 2018-04-26 15:23:42 - No mapping found for HTTP request with URI [/js/common.js] in DispatcherServlet with name 'dispatcherServlet'  [http-nio-8999-exec-7] [org.springframework.web.servlet.DispatcherServlet:1176] 
[WARN] 2018-04-26 15:23:42 - No mapping found for HTTP request with URI [/js/jquery.min.js] in DispatcherServlet with name 'dispatcherServlet'  [http-nio-8999-exec-7] [org.springframework.web.servlet.DispatcherServlet:1176] 
[WARN] 2018-04-26 15:23:42 - No mapping found for HTTP request with URI [/css/style_s.css] in DispatcherServlet with name 'dispatcherServlet'  [http-nio-8999-exec-7] [org.springframework.web.servlet.DispatcherServlet:1176] 
[WARN] 2018-04-26 15:23:42 - No mapping found for HTTP request with URI [/js/mfcsmoothmenu.css] in DispatcherServlet with name 'dispatcherServlet'  [http-nio-8999-exec-7] [org.springframework.web.servlet.DispatcherServlet:1176] 
[WARN] 2018-04-26 15:23:42 - No mapping found for HTTP request with URI [/js/zoom.js] in DispatcherServlet with name 'dispatcherServlet'  [http-nio-8999-exec-7] [org.springframework.web.servlet.DispatcherServlet:1176] 
[WARN] 2018-04-26 15:23:42 - No mapping found for HTTP request with URI [/js/chrome.js] in DispatcherServlet with name 'dispatcherServlet'  [http-nio-8999-exec-9] [org.springframework.web.servlet.DispatcherServlet:1176] 
[WARN] 2018-04-26 15:23:42 - No mapping found for HTTP request with URI [/img/index02_21.gif] in DispatcherServlet with name 'dispatcherServlet'  [http-nio-8999-exec-9] [org.springframework.web.servlet.DispatcherServlet:1176] 
[WARN] 2018-04-26 15:23:42 - No mapping found for HTTP request with URI [/img/index_news.jpg] in DispatcherServlet with name 'dispatcherServlet'  [http-nio-8999-exec-9] [org.springframework.web.servlet.DispatcherServlet:1176] 
[WARN] 2018-04-26 15:23:42 - No mapping found for HTTP request with URI [/img/index_lx.jpg] in DispatcherServlet with name 'dispatcherServlet'  [http-nio-8999-exec-9] [org.springframework.web.servlet.DispatcherServlet:1176] 
[WARN] 2018-04-26 15:23:42 - No mapping found for HTTP request with URI [/img/index02_43.gif] in DispatcherServlet with name 'dispatcherServlet'  [http-nio-8999-exec-9] [org.springframework.web.servlet.DispatcherServlet:1176] 
[WARN] 2018-04-26 15:23:42 - No mapping found for HTTP request with URI [/img/logo.png] in DispatcherServlet with name 'dispatcherServlet'  [http-nio-8999-exec-9] [org.springframework.web.servlet.DispatcherServlet:1176] 
[WARN] 2018-04-26 15:23:42 - No mapping found for HTTP request with URI [/img/index_about.jpg] in DispatcherServlet with name 'dispatcherServlet'  [http-nio-8999-exec-9] [org.springframework.web.servlet.DispatcherServlet:1176] 
[WARN] 2018-04-26 15:23:42 - No mapping found for HTTP request with URI [/img/mune/home.gif] in DispatcherServlet with name 'dispatcherServlet'  [http-nio-8999-exec-9] [org.springframework.web.servlet.DispatcherServlet:1176] 
[WARN] 2018-04-26 15:23:42 - No mapping found for HTTP request with URI [/img/index_banner.jpg] in DispatcherServlet with name 'dispatcherServlet'  [http-nio-8999-exec-9] [org.springframework.web.servlet.DispatcherServlet:1176] 
[WARN] 2018-04-26 15:23:42 - No mapping found for HTTP request with URI [/img/spaer.gif] in DispatcherServlet with name 'dispatcherServlet'  [http-nio-8999-exec-9] [org.springframework.web.servlet.DispatcherServlet:1176] 
[WARN] 2018-04-26 15:23:43 - No mapping found for HTTP request with URI [/js/zoom.js] in DispatcherServlet with name 'dispatcherServlet'  [http-nio-8999-exec-9] [org.springframework.web.servlet.DispatcherServlet:1176] 
[WARN] 2018-04-26 15:23:43 - No mapping found for HTTP request with URI [/js/jquery.min.js] in DispatcherServlet with name 'dispatcherServlet'  [http-nio-8999-exec-2] [org.springframework.web.servlet.DispatcherServlet:1176] 
[WARN] 2018-04-26 15:23:43 - No mapping found for HTTP request with URI [/js/mfcsmoothmenu.js] in DispatcherServlet with name 'dispatcherServlet'  [http-nio-8999-exec-6] [org.springframework.web.servlet.DispatcherServlet:1176] 
[WARN] 2018-04-26 15:23:43 - No mapping found for HTTP request with URI [/img/logo.png] in DispatcherServlet with name 'dispatcherServlet'  [http-nio-8999-exec-10] [org.springframework.web.servlet.DispatcherServlet:1176] 
[WARN] 2018-04-26 15:23:43 - No mapping found for HTTP request with URI [/img/mune/home.gif] in DispatcherServlet with name 'dispatcherServlet'  [http-nio-8999-exec-10] [org.springframework.web.servlet.DispatcherServlet:1176] 
[WARN] 2018-04-26 15:23:43 - No mapping found for HTTP request with URI [/img/spaer.gif] in DispatcherServlet with name 'dispatcherServlet'  [http-nio-8999-exec-10] [org.springframework.web.servlet.DispatcherServlet:1176] 
[WARN] 2018-04-26 15:23:43 - No mapping found for HTTP request with URI [/js/common.js] in DispatcherServlet with name 'dispatcherServlet'  [http-nio-8999-exec-10] [org.springframework.web.servlet.DispatcherServlet:1176] 
[WARN] 2018-04-26 15:23:43 - No mapping found for HTTP request with URI [/img/index_banner.jpg] in DispatcherServlet with name 'dispatcherServlet'  [http-nio-8999-exec-10] [org.springframework.web.servlet.DispatcherServlet:1176] 
[WARN] 2018-04-26 15:23:43 - No mapping found for HTTP request with URI [/img/index_about.jpg] in DispatcherServlet with name 'dispatcherServlet'  [http-nio-8999-exec-10] [org.springframework.web.servlet.DispatcherServlet:1176] 
[WARN] 2018-04-26 15:23:43 - No mapping found for HTTP request with URI [/img/index02_21.gif] in DispatcherServlet with name 'dispatcherServlet'  [http-nio-8999-exec-4] [org.springframework.web.servlet.DispatcherServlet:1176] 
[WARN] 2018-04-26 15:23:43 - No mapping found for HTTP request with URI [/img/index_lx.jpg] in DispatcherServlet with name 'dispatcherServlet'  [http-nio-8999-exec-4] [org.springframework.web.servlet.DispatcherServlet:1176] 
[WARN] 2018-04-26 15:23:43 - No mapping found for HTTP request with URI [/img/index02_43.gif] in DispatcherServlet with name 'dispatcherServlet'  [http-nio-8999-exec-4] [org.springframework.web.servlet.DispatcherServlet:1176] 
[WARN] 2018-04-26 15:23:43 - No mapping found for HTTP request with URI [/img/index_news.jpg] in DispatcherServlet with name 'dispatcherServlet'  [http-nio-8999-exec-4] [org.springframework.web.servlet.DispatcherServlet:1176] 
[WARN] 2018-04-26 15:23:44 - No mapping found for HTTP request with URI [/img/mune/home_o.gif] in DispatcherServlet with name 'dispatcherServlet'  [http-nio-8999-exec-10] [org.springframework.web.servlet.DispatcherServlet:1176] 
[WARN] 2018-04-26 15:23:44 - No mapping found for HTTP request with URI [/img/mune/about_o.gif] in DispatcherServlet with name 'dispatcherServlet'  [http-nio-8999-exec-4] [org.springframework.web.servlet.DispatcherServlet:1176] 
[WARN] 2018-04-26 15:23:44 - No mapping found for HTTP request with URI [/img/mune/cope_o.gif] in DispatcherServlet with name 'dispatcherServlet'  [http-nio-8999-exec-8] [org.springframework.web.servlet.DispatcherServlet:1176] 
[WARN] 2018-04-26 15:23:44 - No mapping found for HTTP request with URI [/img/mune/care_o.gif] in DispatcherServlet with name 'dispatcherServlet'  [http-nio-8999-exec-4] [org.springframework.web.servlet.DispatcherServlet:1176] 
[WARN] 2018-04-26 15:23:44 - No mapping found for HTTP request with URI [/img/mune/product_o.gif] in DispatcherServlet with name 'dispatcherServlet'  [http-nio-8999-exec-8] [org.springframework.web.servlet.DispatcherServlet:1176] 
[WARN] 2018-04-26 15:23:44 - No mapping found for HTTP request with URI [/img/mune/careers_o.gif] in DispatcherServlet with name 'dispatcherServlet'  [http-nio-8999-exec-5] [org.springframework.web.servlet.DispatcherServlet:1176] 
[WARN] 2018-04-26 15:23:44 - No mapping found for HTTP request with URI [/img/mune/contact_o.gif] in DispatcherServlet with name 'dispatcherServlet'  [http-nio-8999-exec-5] [org.springframework.web.servlet.DispatcherServlet:1176] 
[WARN] 2018-04-26 15:48:41 - No mapping found for HTTP request with URI [/css/style_s.css] in DispatcherServlet with name 'dispatcherServlet'  [http-nio-8999-exec-5] [org.springframework.web.servlet.DispatcherServlet:1176] 
[WARN] 2018-04-26 15:48:41 - No mapping found for HTTP request with URI [/js/chromestyle.css] in DispatcherServlet with name 'dispatcherServlet'  [http-nio-8999-exec-9] [org.springframework.web.servlet.DispatcherServlet:1176] 
[WARN] 2018-04-26 15:48:41 - No mapping found for HTTP request with URI [/js/mfcsmoothmenu.css] in DispatcherServlet with name 'dispatcherServlet'  [http-nio-8999-exec-10] [org.springframework.web.servlet.DispatcherServlet:1176] 
[WARN] 2018-04-26 15:48:41 - No mapping found for HTTP request with URI [/js/jquery.min.js] in DispatcherServlet with name 'dispatcherServlet'  [http-nio-8999-exec-2] [org.springframework.web.servlet.DispatcherServlet:1176] 
[WARN] 2018-04-26 15:48:41 - No mapping found for HTTP request with URI [/js/zoom.js] in DispatcherServlet with name 'dispatcherServlet'  [http-nio-8999-exec-6] [org.springframework.web.servlet.DispatcherServlet:1176] 
[WARN] 2018-04-26 15:48:41 - No mapping found for HTTP request with URI [/js/chrome.js] in DispatcherServlet with name 'dispatcherServlet'  [http-nio-8999-exec-8] [org.springframework.web.servlet.DispatcherServlet:1176] 
[WARN] 2018-04-26 15:48:41 - No mapping found for HTTP request with URI [/js/mfcsmoothmenu.js] in DispatcherServlet with name 'dispatcherServlet'  [http-nio-8999-exec-4] [org.springframework.web.servlet.DispatcherServlet:1176] 
[WARN] 2018-04-26 15:48:41 - No mapping found for HTTP request with URI [/img/mune/home.gif] in DispatcherServlet with name 'dispatcherServlet'  [http-nio-8999-exec-3] [org.springframework.web.servlet.DispatcherServlet:1176] 
[WARN] 2018-04-26 15:48:41 - No mapping found for HTTP request with URI [/img/spaer.gif] in DispatcherServlet with name 'dispatcherServlet'  [http-nio-8999-exec-3] [org.springframework.web.servlet.DispatcherServlet:1176] 
[WARN] 2018-04-26 15:48:41 - No mapping found for HTTP request with URI [/img/index_about.jpg] in DispatcherServlet with name 'dispatcherServlet'  [http-nio-8999-exec-3] [org.springframework.web.servlet.DispatcherServlet:1176] 
[WARN] 2018-04-26 15:48:41 - No mapping found for HTTP request with URI [/img/index02_21.gif] in DispatcherServlet with name 'dispatcherServlet'  [http-nio-8999-exec-3] [org.springframework.web.servlet.DispatcherServlet:1176] 
[WARN] 2018-04-26 15:48:41 - No mapping found for HTTP request with URI [/img/logo.png] in DispatcherServlet with name 'dispatcherServlet'  [http-nio-8999-exec-7] [org.springframework.web.servlet.DispatcherServlet:1176] 
[WARN] 2018-04-26 15:48:41 - No mapping found for HTTP request with URI [/js/common.js] in DispatcherServlet with name 'dispatcherServlet'  [http-nio-8999-exec-3] [org.springframework.web.servlet.DispatcherServlet:1176] 
[WARN] 2018-04-26 15:48:41 - No mapping found for HTTP request with URI [/img/index_lx.jpg] in DispatcherServlet with name 'dispatcherServlet'  [http-nio-8999-exec-3] [org.springframework.web.servlet.DispatcherServlet:1176] 
[WARN] 2018-04-26 15:48:41 - No mapping found for HTTP request with URI [/img/index_news.jpg] in DispatcherServlet with name 'dispatcherServlet'  [http-nio-8999-exec-3] [org.springframework.web.servlet.DispatcherServlet:1176] 
[WARN] 2018-04-26 15:48:41 - No mapping found for HTTP request with URI [/img/index02_43.gif] in DispatcherServlet with name 'dispatcherServlet'  [http-nio-8999-exec-3] [org.springframework.web.servlet.DispatcherServlet:1176] 
[WARN] 2018-04-26 15:48:41 - No mapping found for HTTP request with URI [/img/index_banner.jpg] in DispatcherServlet with name 'dispatcherServlet'  [http-nio-8999-exec-7] [org.springframework.web.servlet.DispatcherServlet:1176] 
[WARN] 2018-04-26 15:48:42 - No mapping found for HTTP request with URI [/js/zoom.js] in DispatcherServlet with name 'dispatcherServlet'  [http-nio-8999-exec-7] [org.springframework.web.servlet.DispatcherServlet:1176] 
[WARN] 2018-04-26 15:48:42 - No mapping found for HTTP request with URI [/js/jquery.min.js] in DispatcherServlet with name 'dispatcherServlet'  [http-nio-8999-exec-3] [org.springframework.web.servlet.DispatcherServlet:1176] 
[WARN] 2018-04-26 15:48:42 - No mapping found for HTTP request with URI [/js/mfcsmoothmenu.js] in DispatcherServlet with name 'dispatcherServlet'  [http-nio-8999-exec-1] [org.springframework.web.servlet.DispatcherServlet:1176] 
[WARN] 2018-04-26 15:48:42 - No mapping found for HTTP request with URI [/img/index_banner.jpg] in DispatcherServlet with name 'dispatcherServlet'  [http-nio-8999-exec-10] [org.springframework.web.servlet.DispatcherServlet:1176] 
[WARN] 2018-04-26 15:48:42 - No mapping found for HTTP request with URI [/img/logo.png] in DispatcherServlet with name 'dispatcherServlet'  [http-nio-8999-exec-9] [org.springframework.web.servlet.DispatcherServlet:1176] 
[WARN] 2018-04-26 15:48:42 - No mapping found for HTTP request with URI [/img/mune/home.gif] in DispatcherServlet with name 'dispatcherServlet'  [http-nio-8999-exec-5] [org.springframework.web.servlet.DispatcherServlet:1176] 
[WARN] 2018-04-26 15:48:42 - No mapping found for HTTP request with URI [/img/spaer.gif] in DispatcherServlet with name 'dispatcherServlet'  [http-nio-8999-exec-2] [org.springframework.web.servlet.DispatcherServlet:1176] 
[WARN] 2018-04-26 15:48:42 - No mapping found for HTTP request with URI [/img/index_about.jpg] in DispatcherServlet with name 'dispatcherServlet'  [http-nio-8999-exec-6] [org.springframework.web.servlet.DispatcherServlet:1176] 
[WARN] 2018-04-26 15:48:42 - No mapping found for HTTP request with URI [/img/index02_21.gif] in DispatcherServlet with name 'dispatcherServlet'  [http-nio-8999-exec-4] [org.springframework.web.servlet.DispatcherServlet:1176] 
[WARN] 2018-04-26 15:48:42 - No mapping found for HTTP request with URI [/img/index_news.jpg] in DispatcherServlet with name 'dispatcherServlet'  [http-nio-8999-exec-8] [org.springframework.web.servlet.DispatcherServlet:1176] 
[WARN] 2018-04-26 15:48:42 - No mapping found for HTTP request with URI [/img/index_lx.jpg] in DispatcherServlet with name 'dispatcherServlet'  [http-nio-8999-exec-7] [org.springframework.web.servlet.DispatcherServlet:1176] 
[WARN] 2018-04-26 15:48:42 - No mapping found for HTTP request with URI [/img/index02_43.gif] in DispatcherServlet with name 'dispatcherServlet'  [http-nio-8999-exec-3] [org.springframework.web.servlet.DispatcherServlet:1176] 
[WARN] 2018-04-26 15:48:42 - No mapping found for HTTP request with URI [/js/common.js] in DispatcherServlet with name 'dispatcherServlet'  [http-nio-8999-exec-1] [org.springframework.web.servlet.DispatcherServlet:1176] 
[WARN] 2018-04-26 15:48:43 - No mapping found for HTTP request with URI [/img/mune/home_o.gif] in DispatcherServlet with name 'dispatcherServlet'  [http-nio-8999-exec-9] [org.springframework.web.servlet.DispatcherServlet:1176] 
[WARN] 2018-04-26 15:48:43 - No mapping found for HTTP request with URI [/img/mune/care_o.gif] in DispatcherServlet with name 'dispatcherServlet'  [http-nio-8999-exec-10] [org.springframework.web.servlet.DispatcherServlet:1176] 
[WARN] 2018-04-26 15:48:43 - No mapping found for HTTP request with URI [/img/mune/about_o.gif] in DispatcherServlet with name 'dispatcherServlet'  [http-nio-8999-exec-9] [org.springframework.web.servlet.DispatcherServlet:1176] 
[WARN] 2018-04-26 15:48:43 - No mapping found for HTTP request with URI [/img/mune/product_o.gif] in DispatcherServlet with name 'dispatcherServlet'  [http-nio-8999-exec-10] [org.springframework.web.servlet.DispatcherServlet:1176] 
[WARN] 2018-04-26 15:48:43 - No mapping found for HTTP request with URI [/img/mune/cope_o.gif] in DispatcherServlet with name 'dispatcherServlet'  [http-nio-8999-exec-6] [org.springframework.web.servlet.DispatcherServlet:1176] 
[WARN] 2018-04-26 15:48:43 - No mapping found for HTTP request with URI [/img/mune/careers_o.gif] in DispatcherServlet with name 'dispatcherServlet'  [http-nio-8999-exec-8] [org.springframework.web.servlet.DispatcherServlet:1176] 
[WARN] 2018-04-26 15:48:43 - No mapping found for HTTP request with URI [/img/mune/contact_o.gif] in DispatcherServlet with name 'dispatcherServlet'  [http-nio-8999-exec-4] [org.springframework.web.servlet.DispatcherServlet:1176] 
[WARN] 2018-04-26 15:48:56 - No mapping found for HTTP request with URI [/css/style_s.css] in DispatcherServlet with name 'dispatcherServlet'  [http-nio-8999-exec-3] [org.springframework.web.servlet.DispatcherServlet:1176] 
[WARN] 2018-04-26 15:48:56 - No mapping found for HTTP request with URI [/js/chromestyle.css] in DispatcherServlet with name 'dispatcherServlet'  [http-nio-8999-exec-3] [org.springframework.web.servlet.DispatcherServlet:1176] 
[WARN] 2018-04-26 15:48:56 - No mapping found for HTTP request with URI [/js/mfcsmoothmenu.css] in DispatcherServlet with name 'dispatcherServlet'  [http-nio-8999-exec-9] [org.springframework.web.servlet.DispatcherServlet:1176] 
[WARN] 2018-04-26 15:48:56 - No mapping found for HTTP request with URI [/js/chrome.js] in DispatcherServlet with name 'dispatcherServlet'  [http-nio-8999-exec-10] [org.springframework.web.servlet.DispatcherServlet:1176] 
[WARN] 2018-04-26 15:48:56 - No mapping found for HTTP request with URI [/js/jquery.min.js] in DispatcherServlet with name 'dispatcherServlet'  [http-nio-8999-exec-6] [org.springframework.web.servlet.DispatcherServlet:1176] 
[WARN] 2018-04-26 15:48:56 - No mapping found for HTTP request with URI [/js/mfcsmoothmenu.js] in DispatcherServlet with name 'dispatcherServlet'  [http-nio-8999-exec-2] [org.springframework.web.servlet.DispatcherServlet:1176] 
[WARN] 2018-04-26 15:48:56 - No mapping found for HTTP request with URI [/js/zoom.js] in DispatcherServlet with name 'dispatcherServlet'  [http-nio-8999-exec-5] [org.springframework.web.servlet.DispatcherServlet:1176] 
[WARN] 2018-04-26 15:48:56 - No mapping found for HTTP request with URI [/img/logo.png] in DispatcherServlet with name 'dispatcherServlet'  [http-nio-8999-exec-8] [org.springframework.web.servlet.DispatcherServlet:1176] 
[WARN] 2018-04-26 15:48:56 - No mapping found for HTTP request with URI [/img/mune/home.gif] in DispatcherServlet with name 'dispatcherServlet'  [http-nio-8999-exec-4] [org.springframework.web.servlet.DispatcherServlet:1176] 
[WARN] 2018-04-26 15:48:56 - No mapping found for HTTP request with URI [/img/index_banner.jpg] in DispatcherServlet with name 'dispatcherServlet'  [http-nio-8999-exec-8] [org.springframework.web.servlet.DispatcherServlet:1176] 
[WARN] 2018-04-26 15:48:56 - No mapping found for HTTP request with URI [/img/spaer.gif] in DispatcherServlet with name 'dispatcherServlet'  [http-nio-8999-exec-8] [org.springframework.web.servlet.DispatcherServlet:1176] 
[WARN] 2018-04-26 15:48:56 - No mapping found for HTTP request with URI [/img/index_about.jpg] in DispatcherServlet with name 'dispatcherServlet'  [http-nio-8999-exec-3] [org.springframework.web.servlet.DispatcherServlet:1176] 
[WARN] 2018-04-26 15:48:56 - No mapping found for HTTP request with URI [/img/index02_21.gif] in DispatcherServlet with name 'dispatcherServlet'  [http-nio-8999-exec-9] [org.springframework.web.servlet.DispatcherServlet:1176] 
[WARN] 2018-04-26 15:48:56 - No mapping found for HTTP request with URI [/img/index_news.jpg] in DispatcherServlet with name 'dispatcherServlet'  [http-nio-8999-exec-9] [org.springframework.web.servlet.DispatcherServlet:1176] 
[WARN] 2018-04-26 15:48:56 - No mapping found for HTTP request with URI [/js/common.js] in DispatcherServlet with name 'dispatcherServlet'  [http-nio-8999-exec-6] [org.springframework.web.servlet.DispatcherServlet:1176] 
[WARN] 2018-04-26 15:48:56 - No mapping found for HTTP request with URI [/img/index_lx.jpg] in DispatcherServlet with name 'dispatcherServlet'  [http-nio-8999-exec-9] [org.springframework.web.servlet.DispatcherServlet:1176] 
[WARN] 2018-04-26 15:48:56 - No mapping found for HTTP request with URI [/img/index02_43.gif] in DispatcherServlet with name 'dispatcherServlet'  [http-nio-8999-exec-10] [org.springframework.web.servlet.DispatcherServlet:1176] 
[WARN] 2018-04-26 15:48:57 - No mapping found for HTTP request with URI [/js/jquery.min.js] in DispatcherServlet with name 'dispatcherServlet'  [http-nio-8999-exec-7] [org.springframework.web.servlet.DispatcherServlet:1176] 
[WARN] 2018-04-26 15:48:57 - No mapping found for HTTP request with URI [/js/mfcsmoothmenu.js] in DispatcherServlet with name 'dispatcherServlet'  [http-nio-8999-exec-8] [org.springframework.web.servlet.DispatcherServlet:1176] 
[WARN] 2018-04-26 15:48:57 - No mapping found for HTTP request with URI [/img/logo.png] in DispatcherServlet with name 'dispatcherServlet'  [http-nio-8999-exec-4] [org.springframework.web.servlet.DispatcherServlet:1176] 
[WARN] 2018-04-26 15:48:57 - No mapping found for HTTP request with URI [/img/index_banner.jpg] in DispatcherServlet with name 'dispatcherServlet'  [http-nio-8999-exec-1] [org.springframework.web.servlet.DispatcherServlet:1176] 
[WARN] 2018-04-26 15:48:57 - No mapping found for HTTP request with URI [/img/spaer.gif] in DispatcherServlet with name 'dispatcherServlet'  [http-nio-8999-exec-1] [org.springframework.web.servlet.DispatcherServlet:1176] 
[WARN] 2018-04-26 15:48:57 - No mapping found for HTTP request with URI [/img/index02_21.gif] in DispatcherServlet with name 'dispatcherServlet'  [http-nio-8999-exec-1] [org.springframework.web.servlet.DispatcherServlet:1176] 
[WARN] 2018-04-26 15:48:57 - No mapping found for HTTP request with URI [/img/index_news.jpg] in DispatcherServlet with name 'dispatcherServlet'  [http-nio-8999-exec-1] [org.springframework.web.servlet.DispatcherServlet:1176] 
[WARN] 2018-04-26 15:48:57 - No mapping found for HTTP request with URI [/img/index_lx.jpg] in DispatcherServlet with name 'dispatcherServlet'  [http-nio-8999-exec-1] [org.springframework.web.servlet.DispatcherServlet:1176] 
[WARN] 2018-04-26 15:48:57 - No mapping found for HTTP request with URI [/img/index02_43.gif] in DispatcherServlet with name 'dispatcherServlet'  [http-nio-8999-exec-1] [org.springframework.web.servlet.DispatcherServlet:1176] 
[WARN] 2018-04-26 15:48:57 - No mapping found for HTTP request with URI [/img/index_about.jpg] in DispatcherServlet with name 'dispatcherServlet'  [http-nio-8999-exec-9] [org.springframework.web.servlet.DispatcherServlet:1176] 
[WARN] 2018-04-26 15:48:57 - No mapping found for HTTP request with URI [/img/mune/home.gif] in DispatcherServlet with name 'dispatcherServlet'  [http-nio-8999-exec-3] [org.springframework.web.servlet.DispatcherServlet:1176] 
[WARN] 2018-04-26 15:48:57 - No mapping found for HTTP request with URI [/js/common.js] in DispatcherServlet with name 'dispatcherServlet'  [http-nio-8999-exec-6] [org.springframework.web.servlet.DispatcherServlet:1176] 
[WARN] 2018-04-26 15:48:57 - No mapping found for HTTP request with URI [/img/mune/home_o.gif] in DispatcherServlet with name 'dispatcherServlet'  [http-nio-8999-exec-4] [org.springframework.web.servlet.DispatcherServlet:1176] 
[WARN] 2018-04-26 15:48:57 - No mapping found for HTTP request with URI [/img/mune/care_o.gif] in DispatcherServlet with name 'dispatcherServlet'  [http-nio-8999-exec-9] [org.springframework.web.servlet.DispatcherServlet:1176] 
[WARN] 2018-04-26 15:48:57 - No mapping found for HTTP request with URI [/img/mune/about_o.gif] in DispatcherServlet with name 'dispatcherServlet'  [http-nio-8999-exec-6] [org.springframework.web.servlet.DispatcherServlet:1176] 
[WARN] 2018-04-26 15:48:57 - No mapping found for HTTP request with URI [/img/mune/product_o.gif] in DispatcherServlet with name 'dispatcherServlet'  [http-nio-8999-exec-9] [org.springframework.web.servlet.DispatcherServlet:1176] 
[WARN] 2018-04-26 15:48:57 - No mapping found for HTTP request with URI [/img/mune/careers_o.gif] in DispatcherServlet with name 'dispatcherServlet'  [http-nio-8999-exec-10] [org.springframework.web.servlet.DispatcherServlet:1176] 
[WARN] 2018-04-26 15:48:57 - No mapping found for HTTP request with URI [/img/mune/cope_o.gif] in DispatcherServlet with name 'dispatcherServlet'  [http-nio-8999-exec-2] [org.springframework.web.servlet.DispatcherServlet:1176] 
[WARN] 2018-04-26 15:48:57 - No mapping found for HTTP request with URI [/img/mune/contact_o.gif] in DispatcherServlet with name 'dispatcherServlet'  [http-nio-8999-exec-1] [org.springframework.web.servlet.DispatcherServlet:1176] 
[WARN] 2018-04-26 15:53:10 - No mapping found for HTTP request with URI [/js/mfcsmoothmenu.css] in DispatcherServlet with name 'dispatcherServlet'  [http-nio-8999-exec-10] [org.springframework.web.servlet.DispatcherServlet:1176] 
[WARN] 2018-04-26 15:53:10 - No mapping found for HTTP request with URI [/js/jquery.min.js] in DispatcherServlet with name 'dispatcherServlet'  [http-nio-8999-exec-8] [org.springframework.web.servlet.DispatcherServlet:1176] 
[WARN] 2018-04-26 15:53:10 - No mapping found for HTTP request with URI [/js/zoom.js] in DispatcherServlet with name 'dispatcherServlet'  [http-nio-8999-exec-4] [org.springframework.web.servlet.DispatcherServlet:1176] 
[WARN] 2018-04-26 15:53:10 - No mapping found for HTTP request with URI [/js/chrome.js] in DispatcherServlet with name 'dispatcherServlet'  [http-nio-8999-exec-1] [org.springframework.web.servlet.DispatcherServlet:1176] 
[WARN] 2018-04-26 15:53:10 - No mapping found for HTTP request with URI [/js/chromestyle.css] in DispatcherServlet with name 'dispatcherServlet'  [http-nio-8999-exec-5] [org.springframework.web.servlet.DispatcherServlet:1176] 
[WARN] 2018-04-26 15:53:10 - No mapping found for HTTP request with URI [/css/style_s.css] in DispatcherServlet with name 'dispatcherServlet'  [http-nio-8999-exec-9] [org.springframework.web.servlet.DispatcherServlet:1176] 
[WARN] 2018-04-26 15:53:10 - No mapping found for HTTP request with URI [/js/mfcsmoothmenu.js] in DispatcherServlet with name 'dispatcherServlet'  [http-nio-8999-exec-1] [org.springframework.web.servlet.DispatcherServlet:1176] 
[WARN] 2018-04-26 15:53:10 - No mapping found for HTTP request with URI [/js/common.js] in DispatcherServlet with name 'dispatcherServlet'  [http-nio-8999-exec-1] [org.springframework.web.servlet.DispatcherServlet:1176] 
[WARN] 2018-04-26 15:53:10 - No mapping found for HTTP request with URI [/img/index02_21.gif] in DispatcherServlet with name 'dispatcherServlet'  [http-nio-8999-exec-6] [org.springframework.web.servlet.DispatcherServlet:1176] 
[WARN] 2018-04-26 15:53:10 - No mapping found for HTTP request with URI [/img/index_news.jpg] in DispatcherServlet with name 'dispatcherServlet'  [http-nio-8999-exec-6] [org.springframework.web.servlet.DispatcherServlet:1176] 
[WARN] 2018-04-26 15:53:10 - No mapping found for HTTP request with URI [/img/logo.png] in DispatcherServlet with name 'dispatcherServlet'  [http-nio-8999-exec-3] [org.springframework.web.servlet.DispatcherServlet:1176] 
[WARN] 2018-04-26 15:53:10 - No mapping found for HTTP request with URI [/img/index_about.jpg] in DispatcherServlet with name 'dispatcherServlet'  [http-nio-8999-exec-2] [org.springframework.web.servlet.DispatcherServlet:1176] 
[WARN] 2018-04-26 15:53:10 - No mapping found for HTTP request with URI [/img/spaer.gif] in DispatcherServlet with name 'dispatcherServlet'  [http-nio-8999-exec-3] [org.springframework.web.servlet.DispatcherServlet:1176] 
[WARN] 2018-04-26 15:53:10 - No mapping found for HTTP request with URI [/img/index_lx.jpg] in DispatcherServlet with name 'dispatcherServlet'  [http-nio-8999-exec-6] [org.springframework.web.servlet.DispatcherServlet:1176] 
[WARN] 2018-04-26 15:53:10 - No mapping found for HTTP request with URI [/img/index_banner.jpg] in DispatcherServlet with name 'dispatcherServlet'  [http-nio-8999-exec-3] [org.springframework.web.servlet.DispatcherServlet:1176] 
[WARN] 2018-04-26 15:53:10 - No mapping found for HTTP request with URI [/img/index02_43.gif] in DispatcherServlet with name 'dispatcherServlet'  [http-nio-8999-exec-1] [org.springframework.web.servlet.DispatcherServlet:1176] 
[WARN] 2018-04-26 15:53:10 - No mapping found for HTTP request with URI [/img/mune/home.gif] in DispatcherServlet with name 'dispatcherServlet'  [http-nio-8999-exec-7] [org.springframework.web.servlet.DispatcherServlet:1176] 
[WARN] 2018-04-26 15:53:11 - No mapping found for HTTP request with URI [/js/jquery.min.js] in DispatcherServlet with name 'dispatcherServlet'  [http-nio-8999-exec-9] [org.springframework.web.servlet.DispatcherServlet:1176] 
[WARN] 2018-04-26 15:53:11 - No mapping found for HTTP request with URI [/js/mfcsmoothmenu.js] in DispatcherServlet with name 'dispatcherServlet'  [http-nio-8999-exec-5] [org.springframework.web.servlet.DispatcherServlet:1176] 
[WARN] 2018-04-26 15:53:11 - No mapping found for HTTP request with URI [/img/logo.png] in DispatcherServlet with name 'dispatcherServlet'  [http-nio-8999-exec-4] [org.springframework.web.servlet.DispatcherServlet:1176] 
[WARN] 2018-04-26 15:53:11 - No mapping found for HTTP request with URI [/img/mune/home.gif] in DispatcherServlet with name 'dispatcherServlet'  [http-nio-8999-exec-4] [org.springframework.web.servlet.DispatcherServlet:1176] 
[WARN] 2018-04-26 15:53:11 - No mapping found for HTTP request with URI [/img/index_banner.jpg] in DispatcherServlet with name 'dispatcherServlet'  [http-nio-8999-exec-4] [org.springframework.web.servlet.DispatcherServlet:1176] 
[WARN] 2018-04-26 15:53:11 - No mapping found for HTTP request with URI [/img/spaer.gif] in DispatcherServlet with name 'dispatcherServlet'  [http-nio-8999-exec-8] [org.springframework.web.servlet.DispatcherServlet:1176] 
[WARN] 2018-04-26 15:53:11 - No mapping found for HTTP request with URI [/js/common.js] in DispatcherServlet with name 'dispatcherServlet'  [http-nio-8999-exec-8] [org.springframework.web.servlet.DispatcherServlet:1176] 
[WARN] 2018-04-26 15:53:11 - No mapping found for HTTP request with URI [/img/index_news.jpg] in DispatcherServlet with name 'dispatcherServlet'  [http-nio-8999-exec-8] [org.springframework.web.servlet.DispatcherServlet:1176] 
[WARN] 2018-04-26 15:53:11 - No mapping found for HTTP request with URI [/img/index_about.jpg] in DispatcherServlet with name 'dispatcherServlet'  [http-nio-8999-exec-8] [org.springframework.web.servlet.DispatcherServlet:1176] 
[WARN] 2018-04-26 15:53:11 - No mapping found for HTTP request with URI [/img/index02_43.gif] in DispatcherServlet with name 'dispatcherServlet'  [http-nio-8999-exec-8] [org.springframework.web.servlet.DispatcherServlet:1176] 
[WARN] 2018-04-26 15:53:11 - No mapping found for HTTP request with URI [/img/index_lx.jpg] in DispatcherServlet with name 'dispatcherServlet'  [http-nio-8999-exec-8] [org.springframework.web.servlet.DispatcherServlet:1176] 
[WARN] 2018-04-26 15:53:11 - No mapping found for HTTP request with URI [/img/index02_21.gif] in DispatcherServlet with name 'dispatcherServlet'  [http-nio-8999-exec-6] [org.springframework.web.servlet.DispatcherServlet:1176] 
[WARN] 2018-04-26 15:53:11 - No mapping found for HTTP request with URI [/img/mune/home_o.gif] in DispatcherServlet with name 'dispatcherServlet'  [http-nio-8999-exec-5] [org.springframework.web.servlet.DispatcherServlet:1176] 
[WARN] 2018-04-26 15:53:11 - No mapping found for HTTP request with URI [/img/mune/about_o.gif] in DispatcherServlet with name 'dispatcherServlet'  [http-nio-8999-exec-5] [org.springframework.web.servlet.DispatcherServlet:1176] 
[WARN] 2018-04-26 15:53:11 - No mapping found for HTTP request with URI [/img/mune/care_o.gif] in DispatcherServlet with name 'dispatcherServlet'  [http-nio-8999-exec-5] [org.springframework.web.servlet.DispatcherServlet:1176] 
[WARN] 2018-04-26 15:53:12 - No mapping found for HTTP request with URI [/img/mune/product_o.gif] in DispatcherServlet with name 'dispatcherServlet'  [http-nio-8999-exec-5] [org.springframework.web.servlet.DispatcherServlet:1176] 
[WARN] 2018-04-26 15:53:12 - No mapping found for HTTP request with URI [/img/mune/cope_o.gif] in DispatcherServlet with name 'dispatcherServlet'  [http-nio-8999-exec-8] [org.springframework.web.servlet.DispatcherServlet:1176] 
[WARN] 2018-04-26 15:53:12 - No mapping found for HTTP request with URI [/img/mune/careers_o.gif] in DispatcherServlet with name 'dispatcherServlet'  [http-nio-8999-exec-8] [org.springframework.web.servlet.DispatcherServlet:1176] 
[WARN] 2018-04-26 15:53:12 - No mapping found for HTTP request with URI [/img/mune/contact_o.gif] in DispatcherServlet with name 'dispatcherServlet'  [http-nio-8999-exec-6] [org.springframework.web.servlet.DispatcherServlet:1176] 
[WARN] 2018-04-26 15:53:39 - No mapping found for HTTP request with URI [/img/mune/about_o.gif] in DispatcherServlet with name 'dispatcherServlet'  [http-nio-8999-exec-3] [org.springframework.web.servlet.DispatcherServlet:1176] 
[WARN] 2018-04-26 15:53:49 - No mapping found for HTTP request with URI [/veiws/img/mune/about_o.gif] in DispatcherServlet with name 'dispatcherServlet'  [http-nio-8999-exec-7] [org.springframework.web.servlet.DispatcherServlet:1176] 
[WARN] 2018-04-26 15:54:59 - No mapping found for HTTP request with URI [/css/style_s.css] in DispatcherServlet with name 'dispatcherServlet'  [http-nio-8999-exec-1] [org.springframework.web.servlet.DispatcherServlet:1176] 
[WARN] 2018-04-26 15:54:59 - No mapping found for HTTP request with URI [/js/chromestyle.css] in DispatcherServlet with name 'dispatcherServlet'  [http-nio-8999-exec-3] [org.springframework.web.servlet.DispatcherServlet:1176] 
[WARN] 2018-04-26 15:54:59 - No mapping found for HTTP request with URI [/js/mfcsmoothmenu.css] in DispatcherServlet with name 'dispatcherServlet'  [http-nio-8999-exec-1] [org.springframework.web.servlet.DispatcherServlet:1176] 
[WARN] 2018-04-26 15:54:59 - No mapping found for HTTP request with URI [/js/chrome.js] in DispatcherServlet with name 'dispatcherServlet'  [http-nio-8999-exec-9] [org.springframework.web.servlet.DispatcherServlet:1176] 
[WARN] 2018-04-26 15:54:59 - No mapping found for HTTP request with URI [/js/zoom.js] in DispatcherServlet with name 'dispatcherServlet'  [http-nio-8999-exec-4] [org.springframework.web.servlet.DispatcherServlet:1176] 
[WARN] 2018-04-26 15:54:59 - No mapping found for HTTP request with URI [/js/jquery.min.js] in DispatcherServlet with name 'dispatcherServlet'  [http-nio-8999-exec-5] [org.springframework.web.servlet.DispatcherServlet:1176] 
[WARN] 2018-04-26 15:54:59 - No mapping found for HTTP request with URI [/js/mfcsmoothmenu.js] in DispatcherServlet with name 'dispatcherServlet'  [http-nio-8999-exec-2] [org.springframework.web.servlet.DispatcherServlet:1176] 
[WARN] 2018-04-26 15:54:59 - No mapping found for HTTP request with URI [/img/spaer.gif] in DispatcherServlet with name 'dispatcherServlet'  [http-nio-8999-exec-10] [org.springframework.web.servlet.DispatcherServlet:1176] 
[WARN] 2018-04-26 15:54:59 - No mapping found for HTTP request with URI [/img/logo.png] in DispatcherServlet with name 'dispatcherServlet'  [http-nio-8999-exec-6] [org.springframework.web.servlet.DispatcherServlet:1176] 
[WARN] 2018-04-26 15:54:59 - No mapping found for HTTP request with URI [/img/index_banner.jpg] in DispatcherServlet with name 'dispatcherServlet'  [http-nio-8999-exec-8] [org.springframework.web.servlet.DispatcherServlet:1176] 
[WARN] 2018-04-26 15:54:59 - No mapping found for HTTP request with URI [/img/index_about.jpg] in DispatcherServlet with name 'dispatcherServlet'  [http-nio-8999-exec-8] [org.springframework.web.servlet.DispatcherServlet:1176] 
[WARN] 2018-04-26 15:54:59 - No mapping found for HTTP request with URI [/img/index02_21.gif] in DispatcherServlet with name 'dispatcherServlet'  [http-nio-8999-exec-8] [org.springframework.web.servlet.DispatcherServlet:1176] 
[WARN] 2018-04-26 15:54:59 - No mapping found for HTTP request with URI [/js/common.js] in DispatcherServlet with name 'dispatcherServlet'  [http-nio-8999-exec-7] [org.springframework.web.servlet.DispatcherServlet:1176] 
[WARN] 2018-04-26 15:54:59 - No mapping found for HTTP request with URI [/img/index_news.jpg] in DispatcherServlet with name 'dispatcherServlet'  [http-nio-8999-exec-8] [org.springframework.web.servlet.DispatcherServlet:1176] 
[WARN] 2018-04-26 15:54:59 - No mapping found for HTTP request with URI [/img/index_lx.jpg] in DispatcherServlet with name 'dispatcherServlet'  [http-nio-8999-exec-8] [org.springframework.web.servlet.DispatcherServlet:1176] 
[WARN] 2018-04-26 15:54:59 - No mapping found for HTTP request with URI [/img/index02_43.gif] in DispatcherServlet with name 'dispatcherServlet'  [http-nio-8999-exec-8] [org.springframework.web.servlet.DispatcherServlet:1176] 
[WARN] 2018-04-26 15:54:59 - No mapping found for HTTP request with URI [/img/mune/home.gif] in DispatcherServlet with name 'dispatcherServlet'  [http-nio-8999-exec-6] [org.springframework.web.servlet.DispatcherServlet:1176] 
[WARN] 2018-04-26 15:55:00 - No mapping found for HTTP request with URI [/js/zoom.js] in DispatcherServlet with name 'dispatcherServlet'  [http-nio-8999-exec-3] [org.springframework.web.servlet.DispatcherServlet:1176] 
[WARN] 2018-04-26 15:55:00 - No mapping found for HTTP request with URI [/js/jquery.min.js] in DispatcherServlet with name 'dispatcherServlet'  [http-nio-8999-exec-9] [org.springframework.web.servlet.DispatcherServlet:1176] 
[WARN] 2018-04-26 15:55:00 - No mapping found for HTTP request with URI [/js/mfcsmoothmenu.js] in DispatcherServlet with name 'dispatcherServlet'  [http-nio-8999-exec-4] [org.springframework.web.servlet.DispatcherServlet:1176] 
[WARN] 2018-04-26 15:55:00 - No mapping found for HTTP request with URI [/img/mune/home.gif] in DispatcherServlet with name 'dispatcherServlet'  [http-nio-8999-exec-2] [org.springframework.web.servlet.DispatcherServlet:1176] 
[WARN] 2018-04-26 15:55:00 - No mapping found for HTTP request with URI [/img/spaer.gif] in DispatcherServlet with name 'dispatcherServlet'  [http-nio-8999-exec-5] [org.springframework.web.servlet.DispatcherServlet:1176] 
[WARN] 2018-04-26 15:55:00 - No mapping found for HTTP request with URI [/js/common.js] in DispatcherServlet with name 'dispatcherServlet'  [http-nio-8999-exec-2] [org.springframework.web.servlet.DispatcherServlet:1176] 
[WARN] 2018-04-26 15:55:00 - No mapping found for HTTP request with URI [/img/index_lx.jpg] in DispatcherServlet with name 'dispatcherServlet'  [http-nio-8999-exec-2] [org.springframework.web.servlet.DispatcherServlet:1176] 
[WARN] 2018-04-26 15:55:00 - No mapping found for HTTP request with URI [/img/index02_43.gif] in DispatcherServlet with name 'dispatcherServlet'  [http-nio-8999-exec-2] [org.springframework.web.servlet.DispatcherServlet:1176] 
[WARN] 2018-04-26 15:55:00 - No mapping found for HTTP request with URI [/img/logo.png] in DispatcherServlet with name 'dispatcherServlet'  [http-nio-8999-exec-2] [org.springframework.web.servlet.DispatcherServlet:1176] 
[WARN] 2018-04-26 15:55:00 - No mapping found for HTTP request with URI [/img/index_banner.jpg] in DispatcherServlet with name 'dispatcherServlet'  [http-nio-8999-exec-2] [org.springframework.web.servlet.DispatcherServlet:1176] 
[WARN] 2018-04-26 15:55:00 - No mapping found for HTTP request with URI [/img/index_about.jpg] in DispatcherServlet with name 'dispatcherServlet'  [http-nio-8999-exec-2] [org.springframework.web.servlet.DispatcherServlet:1176] 
[WARN] 2018-04-26 15:55:00 - No mapping found for HTTP request with URI [/img/index02_21.gif] in DispatcherServlet with name 'dispatcherServlet'  [http-nio-8999-exec-2] [org.springframework.web.servlet.DispatcherServlet:1176] 
[WARN] 2018-04-26 15:55:00 - No mapping found for HTTP request with URI [/img/index_news.jpg] in DispatcherServlet with name 'dispatcherServlet'  [http-nio-8999-exec-2] [org.springframework.web.servlet.DispatcherServlet:1176] 
[WARN] 2018-04-26 15:55:01 - No mapping found for HTTP request with URI [/img/mune/about_o.gif] in DispatcherServlet with name 'dispatcherServlet'  [http-nio-8999-exec-3] [org.springframework.web.servlet.DispatcherServlet:1176] 
[WARN] 2018-04-26 15:55:01 - No mapping found for HTTP request with URI [/img/mune/care_o.gif] in DispatcherServlet with name 'dispatcherServlet'  [http-nio-8999-exec-3] [org.springframework.web.servlet.DispatcherServlet:1176] 
[WARN] 2018-04-26 15:55:01 - No mapping found for HTTP request with URI [/img/mune/product_o.gif] in DispatcherServlet with name 'dispatcherServlet'  [http-nio-8999-exec-3] [org.springframework.web.servlet.DispatcherServlet:1176] 
[WARN] 2018-04-26 15:55:01 - No mapping found for HTTP request with URI [/img/mune/contact_o.gif] in DispatcherServlet with name 'dispatcherServlet'  [http-nio-8999-exec-3] [org.springframework.web.servlet.DispatcherServlet:1176] 
[WARN] 2018-04-26 15:55:01 - No mapping found for HTTP request with URI [/img/mune/home_o.gif] in DispatcherServlet with name 'dispatcherServlet'  [http-nio-8999-exec-3] [org.springframework.web.servlet.DispatcherServlet:1176] 
[WARN] 2018-04-26 15:55:01 - No mapping found for HTTP request with URI [/img/mune/careers_o.gif] in DispatcherServlet with name 'dispatcherServlet'  [http-nio-8999-exec-3] [org.springframework.web.servlet.DispatcherServlet:1176] 
[WARN] 2018-04-26 15:55:01 - No mapping found for HTTP request with URI [/img/mune/cope_o.gif] in DispatcherServlet with name 'dispatcherServlet'  [http-nio-8999-exec-3] [org.springframework.web.servlet.DispatcherServlet:1176] 
